


materialPath: C:\Program Files (x86)\Steam\steamapps\common\Counter-Strike Global Offensive\csgo\materials
Loading f:\!data\steamlibrary\steamapps\common\counter-strike global offensive\dining\de_dining.vmf
Map revision 75
Patching WVT material: maps/de_dining/de_train/blendgrassdirt001a_wvt_patch
fixing up env_cubemap materials on brush sides...
0...1...2...3...4...5...6...7...8...9...100...1...2...3...4...5...6...7...8...9...10Processing areas...done (0)
Building Faces...done (0)
FixTjuncs...
PruneNodes...
WriteBSP...
done (0)
writing f:\!data\steamlibrary\steamapps\common\counter-strike global offensive\dining\de_dining.prt...Building visibility clusters...
AutoVisClustering (threshold=-1) matched 0 leafs.
done (0)
Finding displacement neighbors...
Finding lightmap sample positions...
Displacement Alpha : 0...1...2...3...4...5...6...7...8...9...10
Building Physics collision data...
done (0) (5342 bytes)
Placing detail props : 0...1...2...3...4...5...6...7...8...9...10
Compacting texture/material tables...
Reduced 21 texinfos to 11
Reduced 5 texdatas to 4 (160 bytes to 132)
Writing f:\!data\steamlibrary\steamapps\common\counter-strike global offensive\dining\de_dining.bsp
MSG_FILEWRITE - Filesystem was asked to write to 'f:\!data\steamlibrary\steamapps\common\counter-strike global offensive\dining\de_dining.bsp', but we don't own that location. Allowing...
0 seconds elapsed



8 threads
reading f:\!data\steamlibrary\steamapps\common\counter-strike global offensive\dining\de_dining.bsp
reading f:\!data\steamlibrary\steamapps\common\counter-strike global offensive\dining\de_dining.prt
   6 portalclusters
   8 numportals
0...1...2...3...4...5...6...7...8...9...100...1...2...3...4...5...6...7...8...9...10Optimized: 0 visible clusters (0.00%)
Total clusters visible: 36
Average clusters visible: 6
Building PAS...
Average clusters audible: 6
visdatasize:64  compressed from 96
writing f:\!data\steamlibrary\steamapps\common\counter-strike global offensive\dining\de_dining.bsp
MSG_FILEWRITE - Filesystem was asked to write to 'f:\!data\steamlibrary\steamapps\common\counter-strike global offensive\dining\de_dining.bsp', but we don't own that location. Allowing...
0 seconds elapsed



[Reading texlights from 'lights.rad']
[17 texlights parsed from 'lights.rad']

Loading f:\!data\steamlibrary\steamapps\common\counter-strike global offensive\dining\de_dining.bsp
109 faces
102171 square feet [14712736.00 square inches]
0 Displacements
0 Square Feet [0.00 Square Inches]
109 patches before subdivision
12225 patches after subdivision
13 direct lights
0...1...2...3...4...5...6...7...8...9...100...1...2...3...4...5...6...7...8...9...10transfers 1217198, max 282
transfer lists:   9.3 megs
0...1...2...3...4...5...6...7...8...9...10	Bounce #1 added RGB(45045, 43594, 41186)
0...1...2...3...4...5...6...7...8...9...10	Bounce #2 added RGB(17722, 16573, 14883)
0...1...2...3...4...5...6...7...8...9...10	Bounce #3 added RGB(8548, 7723, 6594)
0...1...2...3...4...5...6...7...8...9...10	Bounce #4 added RGB(3857, 3368, 2731)
0...1...2...3...4...5...6...7...8...9...10	Bounce #5 added RGB(1796, 1516, 1168)
0...1...2...3...4...5...6...7...8...9...10	Bounce #6 added RGB(827, 674, 493)
0...1...2...3...4...5...6...7...8...9...10	Bounce #7 added RGB(382, 301, 209)
0...1...2...3...4...5...6...7...8...9...10	Bounce #8 added RGB(176, 134, 89)
0...1...2...3...4...5...6...7...8...9...10	Bounce #9 added RGB(81, 60, 38)
0...1...2...3...4...5...6...7...8...9...10	Bounce #10 added RGB(37, 27, 16)
0...1...2...3...4...5...6...7...8...9...10	Bounce #11 added RGB(17, 12, 7)
0...1...2...3...4...5...6...7...8...9...10	Bounce #12 added RGB(8, 5, 3)
0...1...2...3...4...5...6...7...8...9...10	Bounce #13 added RGB(4, 2, 1)
0...1...2...3...4...5...6...7...8...9...10	Bounce #14 added RGB(2, 1, 1)
0...1...2...3...4...5...6...7...8...9...10	Bounce #15 added RGB(1, 0, 0)
Build Patch/Sample Hash Table(s).....Done<0.0023 sec>
0...1...2...3...4...5...6...7...8...9...10FinalLightFace Done
0 of 0 (0% of) surface lights went in leaf ambient cubes.
0...1...2...3...4...5...6...7...8...9...10Writing leaf ambient...done
Ready to Finish

Object names       Objects/Maxobjs  Memory / Maxmem  Fullness 
------------       ---------------  ---------------  -------- 
models                   4/1024          192/49152    ( 0.4%) 
brushes                 13/8192          156/98304    ( 0.2%) 
brushsides              82/81920         656/655360   ( 0.1%) 
planes                  90/65536        1800/1310720  ( 0.1%) 
vertexes               170/65536        2040/786432   ( 0.3%) 
nodes                   47/65536        1504/2097152  ( 0.1%) 
texinfos                11/12288         792/884736   ( 0.1%) 
texdata                  4/4096          128/131072   ( 0.1%) 
dispinfos                0/0               0/0        ( 0.0%) 
disp_verts               0/0               0/0        ( 0.0%) 
disp_tris                0/0               0/0        ( 0.0%) 
disp_multiblend          0/0               0/0        ( 0.0%) 
disp_lmsamples           0/0               0/0        ( 0.0%) 
faces                  109/65536        6104/3670016  ( 0.2%) 
hdr faces                0/65536           0/3670016  ( 0.0%) 
origfaces               30/65536        1680/3670016  ( 0.0%) 
facebrushes              0/0               0/0        ( 0.0%) 
facebrushlists         109/0             436/0        ( 0.0%) 
leaves                  52/65536        1664/2097152  ( 0.1%) 
leaffaces              109/65536         218/131072   ( 0.2%) 
leafbrushes             39/65536          78/131072   ( 0.1%) 
areas                    2/1024           16/8192     ( 0.2%) 
surfedges              606/512000       2424/2048000  ( 0.1%) 
edges                  323/256000       1292/1024000  ( 0.1%) 
LDR worldlights         13/8192         1300/819200   ( 0.2%) 
HDR worldlights          0/8192            0/819200   ( 0.0%) 
leafwaterdata            0/32768           0/393216   ( 0.0%) 
waterstrips             11/32768         110/327680   ( 0.0%) 
waterverts               0/65536           0/786432   ( 0.0%) 
waterindices           156/65536         312/131072   ( 0.2%) 
cubemapsamples           0/1024            0/16384    ( 0.0%) 
overlays                 0/1024            0/360448   ( 0.0%) 
LDR lightdata         [variable]     1068292/0        ( 0.0%) 
HDR lightdata         [variable]           0/0        ( 0.0%) 
visdata               [variable]          64/16777216 ( 0.0%) 
entdata               [variable]        4347/393216   ( 1.1%) 
LDR ambient table       52/65536         208/262144   ( 0.1%) 
HDR ambient table       52/65536         208/262144   ( 0.1%) 
LDR leaf ambient       263/65536        7364/1835008  ( 0.4%) 
HDR leaf ambient        52/65536        1456/1835008  ( 0.1%) 
occluders                0/0               0/0        ( 0.0%) 
occluder polygons        0/0               0/0        ( 0.0%) 
occluder vert ind        0/0               0/0        ( 0.0%) 
detail props          [variable]           1/12       ( 8.3%) 
static props          [variable]           1/12       ( 8.3%) 
pakfile               [variable]       74771/0        ( 0.0%) 
physics               [variable]        5342/4194304  ( 0.1%) 
physics terrain       [variable]           2/1048576  ( 0.0%) 

Level flags = 7d

Total triangle count: 268
Writing f:\!data\steamlibrary\steamapps\common\counter-strike global offensive\dining\de_dining.bsp
MSG_FILEWRITE - Filesystem was asked to write to 'f:\!data\steamlibrary\steamapps\common\counter-strike global offensive\dining\de_dining.bsp', but we don't own that location. Allowing...
2 seconds elapsed



materialPath: C:\Program Files (x86)\Steam\steamapps\common\Counter-Strike Global Offensive\csgo\materials
Loading f:\!data\steamlibrary\steamapps\common\counter-strike global offensive\dining\de_dining.vmf
Map revision 79
Patching WVT material: maps/de_dining/de_train/blendgrassdirt001a_wvt_patch
fixing up env_cubemap materials on brush sides...
0...1...2...3...4...5...6...7...8...9...100...1...2...3...4...5...6...7...8...9...10Processing areas...done (0)
Building Faces...done (0)
FixTjuncs...
PruneNodes...
WriteBSP...
done (0)
writing f:\!data\steamlibrary\steamapps\common\counter-strike global offensive\dining\de_dining.prt...Building visibility clusters...
AutoVisClustering (threshold=-1) matched 0 leafs.
done (0)
Finding displacement neighbors...
Finding lightmap sample positions...
Displacement Alpha : 0...1...2...3...4...5...6...7...8...9...10
Building Physics collision data...
done (0) (5342 bytes)
Placing detail props : 0...1...2...3...4...5...6...7...8...9...10
Compacting texture/material tables...
Reduced 21 texinfos to 11
Reduced 6 texdatas to 5 (179 bytes to 151)
Writing f:\!data\steamlibrary\steamapps\common\counter-strike global offensive\dining\de_dining.bsp
MSG_FILEWRITE - Filesystem was asked to write to 'f:\!data\steamlibrary\steamapps\common\counter-strike global offensive\dining\de_dining.bsp', but we don't own that location. Allowing...
0 seconds elapsed



8 threads
reading f:\!data\steamlibrary\steamapps\common\counter-strike global offensive\dining\de_dining.bsp
reading f:\!data\steamlibrary\steamapps\common\counter-strike global offensive\dining\de_dining.prt
   6 portalclusters
   8 numportals
0...1...2...3...4...5...6...7...8...9...100...1...2...3...4...5...6...7...8...9...10Optimized: 0 visible clusters (0.00%)
Total clusters visible: 36
Average clusters visible: 6
Building PAS...
Average clusters audible: 6
visdatasize:64  compressed from 96
writing f:\!data\steamlibrary\steamapps\common\counter-strike global offensive\dining\de_dining.bsp
MSG_FILEWRITE - Filesystem was asked to write to 'f:\!data\steamlibrary\steamapps\common\counter-strike global offensive\dining\de_dining.bsp', but we don't own that location. Allowing...
0 seconds elapsed



[Reading texlights from 'lights.rad']
[17 texlights parsed from 'lights.rad']

Loading f:\!data\steamlibrary\steamapps\common\counter-strike global offensive\dining\de_dining.bsp
109 faces
103491 square feet [14902816.00 square inches]
0 Displacements
0 Square Feet [0.00 Square Inches]
109 patches before subdivision
10841 patches after subdivision
13 direct lights
0...1...2...3...4...5...6...7...8...9...100...1...2...3...4...5...6...7...8...9...10transfers 1124475, max 282
transfer lists:   8.6 megs
0...1...2...3...4...5...6...7...8...9...10	Bounce #1 added RGB(31605, 30605, 28846)
0...1...2...3...4...5...6...7...8...9...10	Bounce #2 added RGB(15017, 14046, 12603)
0...1...2...3...4...5...6...7...8...9...10	Bounce #3 added RGB(6842, 6184, 5275)
0...1...2...3...4...5...6...7...8...9...10	Bounce #4 added RGB(3202, 2797, 2266)
0...1...2...3...4...5...6...7...8...9...10	Bounce #5 added RGB(1483, 1252, 964)
0...1...2...3...4...5...6...7...8...9...10	Bounce #6 added RGB(690, 563, 411)
0...1...2...3...4...5...6...7...8...9...10	Bounce #7 added RGB(320, 252, 175)
0...1...2...3...4...5...6...7...8...9...10	Bounce #8 added RGB(148, 113, 74)
0...1...2...3...4...5...6...7...8...9...10	Bounce #9 added RGB(68, 50, 32)
0...1...2...3...4...5...6...7...8...9...10	Bounce #10 added RGB(32, 22, 13)
0...1...2...3...4...5...6...7...8...9...10	Bounce #11 added RGB(15, 10, 6)
0...1...2...3...4...5...6...7...8...9...10	Bounce #12 added RGB(7, 4, 2)
0...1...2...3...4...5...6...7...8...9...10	Bounce #13 added RGB(3, 2, 1)
0...1...2...3...4...5...6...7...8...9...10	Bounce #14 added RGB(1, 1, 0)
0...1...2...3...4...5...6...7...8...9...10	Bounce #15 added RGB(1, 0, 0)
Build Patch/Sample Hash Table(s).....Done<0.0022 sec>
0...1...2...3...4...5...6...7...8...9...10FinalLightFace Done
0 of 0 (0% of) surface lights went in leaf ambient cubes.
0...1...2...3...4...5...6...7...8...9...10Writing leaf ambient...done
Ready to Finish

Object names       Objects/Maxobjs  Memory / Maxmem  Fullness 
------------       ---------------  ---------------  -------- 
models                   4/1024          192/49152    ( 0.4%) 
brushes                 13/8192          156/98304    ( 0.2%) 
brushsides              82/81920         656/655360   ( 0.1%) 
planes                  90/65536        1800/1310720  ( 0.1%) 
vertexes               170/65536        2040/786432   ( 0.3%) 
nodes                   47/65536        1504/2097152  ( 0.1%) 
texinfos                11/12288         792/884736   ( 0.1%) 
texdata                  5/4096          160/131072   ( 0.1%) 
dispinfos                0/0               0/0        ( 0.0%) 
disp_verts               0/0               0/0        ( 0.0%) 
disp_tris                0/0               0/0        ( 0.0%) 
disp_multiblend          0/0               0/0        ( 0.0%) 
disp_lmsamples           0/0               0/0        ( 0.0%) 
faces                  109/65536        6104/3670016  ( 0.2%) 
hdr faces                0/65536           0/3670016  ( 0.0%) 
origfaces               30/65536        1680/3670016  ( 0.0%) 
facebrushes              0/0               0/0        ( 0.0%) 
facebrushlists         109/0             436/0        ( 0.0%) 
leaves                  52/65536        1664/2097152  ( 0.1%) 
leaffaces              109/65536         218/131072   ( 0.2%) 
leafbrushes             39/65536          78/131072   ( 0.1%) 
areas                    2/1024           16/8192     ( 0.2%) 
surfedges              606/512000       2424/2048000  ( 0.1%) 
edges                  323/256000       1292/1024000  ( 0.1%) 
LDR worldlights         13/8192         1300/819200   ( 0.2%) 
HDR worldlights          0/8192            0/819200   ( 0.0%) 
leafwaterdata            0/32768           0/393216   ( 0.0%) 
waterstrips             11/32768         110/327680   ( 0.0%) 
waterverts               0/65536           0/786432   ( 0.0%) 
waterindices           156/65536         312/131072   ( 0.2%) 
cubemapsamples           0/1024            0/16384    ( 0.0%) 
overlays                 0/1024            0/360448   ( 0.0%) 
LDR lightdata         [variable]      980644/0        ( 0.0%) 
HDR lightdata         [variable]           0/0        ( 0.0%) 
visdata               [variable]          64/16777216 ( 0.0%) 
entdata               [variable]        4397/393216   ( 1.1%) 
LDR ambient table       52/65536         208/262144   ( 0.1%) 
HDR ambient table       52/65536         208/262144   ( 0.1%) 
LDR leaf ambient       246/65536        6888/1835008  ( 0.4%) 
HDR leaf ambient        52/65536        1456/1835008  ( 0.1%) 
occluders                0/0               0/0        ( 0.0%) 
occluder polygons        0/0               0/0        ( 0.0%) 
occluder vert ind        0/0               0/0        ( 0.0%) 
detail props          [variable]           1/12       ( 8.3%) 
static props          [variable]           1/12       ( 8.3%) 
pakfile               [variable]       74771/0        ( 0.0%) 
physics               [variable]        5342/4194304  ( 0.1%) 
physics terrain       [variable]           2/1048576  ( 0.0%) 

Level flags = 7d

Total triangle count: 268
Writing f:\!data\steamlibrary\steamapps\common\counter-strike global offensive\dining\de_dining.bsp
MSG_FILEWRITE - Filesystem was asked to write to 'f:\!data\steamlibrary\steamapps\common\counter-strike global offensive\dining\de_dining.bsp', but we don't own that location. Allowing...
1 second elapsed



materialPath: C:\Program Files (x86)\Steam\steamapps\common\Counter-Strike Global Offensive\csgo\materials
Loading f:\!data\steamlibrary\steamapps\common\counter-strike global offensive\dining\de_dining.vmf
Map revision 80
Patching WVT material: maps/de_dining/de_train/blendgrassdirt001a_wvt_patch
fixing up env_cubemap materials on brush sides...
0...1...2...3...4...5...6...7...8...9...100...1...2...3...4...5...6...7...8...9...10Processing areas...done (0)
Building Faces...done (0)
FixTjuncs...
PruneNodes...
WriteBSP...
done (0)
writing f:\!data\steamlibrary\steamapps\common\counter-strike global offensive\dining\de_dining.prt...Building visibility clusters...
AutoVisClustering (threshold=-1) matched 0 leafs.
done (0)
Finding displacement neighbors...
Finding lightmap sample positions...
Displacement Alpha : 0...1...2...3...4...5...6...7...8...9...10
Building Physics collision data...
done (0) (5342 bytes)
Placing detail props : 0...1...2...3...4...5...6...7...8...9...10
Compacting texture/material tables...
Reduced 21 texinfos to 11
Reduced 6 texdatas to 5 (179 bytes to 151)
Writing f:\!data\steamlibrary\steamapps\common\counter-strike global offensive\dining\de_dining.bsp
MSG_FILEWRITE - Filesystem was asked to write to 'f:\!data\steamlibrary\steamapps\common\counter-strike global offensive\dining\de_dining.bsp', but we don't own that location. Allowing...
0 seconds elapsed



8 threads
reading f:\!data\steamlibrary\steamapps\common\counter-strike global offensive\dining\de_dining.bsp
reading f:\!data\steamlibrary\steamapps\common\counter-strike global offensive\dining\de_dining.prt
   6 portalclusters
   8 numportals
0...1...2...3...4...5...6...7...8...9...100...1...2...3...4...5...6...7...8...9...10Optimized: 0 visible clusters (0.00%)
Total clusters visible: 36
Average clusters visible: 6
Building PAS...
Average clusters audible: 6
visdatasize:64  compressed from 96
writing f:\!data\steamlibrary\steamapps\common\counter-strike global offensive\dining\de_dining.bsp
MSG_FILEWRITE - Filesystem was asked to write to 'f:\!data\steamlibrary\steamapps\common\counter-strike global offensive\dining\de_dining.bsp', but we don't own that location. Allowing...
0 seconds elapsed



[Reading texlights from 'lights.rad']
[17 texlights parsed from 'lights.rad']

Loading f:\!data\steamlibrary\steamapps\common\counter-strike global offensive\dining\de_dining.bsp
109 faces
103491 square feet [14902816.00 square inches]
0 Displacements
0 Square Feet [0.00 Square Inches]
109 patches before subdivision
10841 patches after subdivision
13 direct lights
0...1...2...3...4...5...6...7...8...9...100...1...2...3...4...5...6...7...8...9...10transfers 1124475, max 282
transfer lists:   8.6 megs
0...1...2...3...4...5...6...7...8...9...10	Bounce #1 added RGB(31605, 30605, 28846)
0...1...2...3...4...5...6...7...8...9...10	Bounce #2 added RGB(15017, 14046, 12603)
0...1...2...3...4...5...6...7...8...9...10	Bounce #3 added RGB(6842, 6184, 5275)
0...1...2...3...4...5...6...7...8...9...10	Bounce #4 added RGB(3202, 2797, 2266)
0...1...2...3...4...5...6...7...8...9...10	Bounce #5 added RGB(1483, 1252, 964)
0...1...2...3...4...5...6...7...8...9...10	Bounce #6 added RGB(690, 563, 411)
0...1...2...3...4...5...6...7...8...9...10	Bounce #7 added RGB(320, 252, 175)
0...1...2...3...4...5...6...7...8...9...10	Bounce #8 added RGB(148, 113, 74)
0...1...2...3...4...5...6...7...8...9...10	Bounce #9 added RGB(68, 50, 32)
0...1...2...3...4...5...6...7...8...9...10	Bounce #10 added RGB(32, 22, 13)
0...1...2...3...4...5...6...7...8...9...10	Bounce #11 added RGB(15, 10, 6)
0...1...2...3...4...5...6...7...8...9...10	Bounce #12 added RGB(7, 4, 2)
0...1...2...3...4...5...6...7...8...9...10	Bounce #13 added RGB(3, 2, 1)
0...1...2...3...4...5...6...7...8...9...10	Bounce #14 added RGB(1, 1, 0)
0...1...2...3...4...5...6...7...8...9...10	Bounce #15 added RGB(1, 0, 0)
Build Patch/Sample Hash Table(s).....Done<0.0022 sec>
0...1...2...3...4...5...6...7...8...9...10FinalLightFace Done
0 of 0 (0% of) surface lights went in leaf ambient cubes.
0...1...2...3...4...5...6...7...8...9...10Writing leaf ambient...done
Ready to Finish

Object names       Objects/Maxobjs  Memory / Maxmem  Fullness 
------------       ---------------  ---------------  -------- 
models                   4/1024          192/49152    ( 0.4%) 
brushes                 13/8192          156/98304    ( 0.2%) 
brushsides              82/81920         656/655360   ( 0.1%) 
planes                  90/65536        1800/1310720  ( 0.1%) 
vertexes               170/65536        2040/786432   ( 0.3%) 
nodes                   47/65536        1504/2097152  ( 0.1%) 
texinfos                11/12288         792/884736   ( 0.1%) 
texdata                  5/4096          160/131072   ( 0.1%) 
dispinfos                0/0               0/0        ( 0.0%) 
disp_verts               0/0               0/0        ( 0.0%) 
disp_tris                0/0               0/0        ( 0.0%) 
disp_multiblend          0/0               0/0        ( 0.0%) 
disp_lmsamples           0/0               0/0        ( 0.0%) 
faces                  109/65536        6104/3670016  ( 0.2%) 
hdr faces                0/65536           0/3670016  ( 0.0%) 
origfaces               30/65536        1680/3670016  ( 0.0%) 
facebrushes              0/0               0/0        ( 0.0%) 
facebrushlists         109/0             436/0        ( 0.0%) 
leaves                  52/65536        1664/2097152  ( 0.1%) 
leaffaces              109/65536         218/131072   ( 0.2%) 
leafbrushes             39/65536          78/131072   ( 0.1%) 
areas                    2/1024           16/8192     ( 0.2%) 
surfedges              606/512000       2424/2048000  ( 0.1%) 
edges                  323/256000       1292/1024000  ( 0.1%) 
LDR worldlights         13/8192         1300/819200   ( 0.2%) 
HDR worldlights          0/8192            0/819200   ( 0.0%) 
leafwaterdata            0/32768           0/393216   ( 0.0%) 
waterstrips             11/32768         110/327680   ( 0.0%) 
waterverts               0/65536           0/786432   ( 0.0%) 
waterindices           156/65536         312/131072   ( 0.2%) 
cubemapsamples           0/1024            0/16384    ( 0.0%) 
overlays                 0/1024            0/360448   ( 0.0%) 
LDR lightdata         [variable]      980644/0        ( 0.0%) 
HDR lightdata         [variable]           0/0        ( 0.0%) 
visdata               [variable]          64/16777216 ( 0.0%) 
entdata               [variable]        4450/393216   ( 1.1%) 
LDR ambient table       52/65536         208/262144   ( 0.1%) 
HDR ambient table       52/65536         208/262144   ( 0.1%) 
LDR leaf ambient       246/65536        6888/1835008  ( 0.4%) 
HDR leaf ambient        52/65536        1456/1835008  ( 0.1%) 
occluders                0/0               0/0        ( 0.0%) 
occluder polygons        0/0               0/0        ( 0.0%) 
occluder vert ind        0/0               0/0        ( 0.0%) 
detail props          [variable]           1/12       ( 8.3%) 
static props          [variable]           1/12       ( 8.3%) 
pakfile               [variable]       74771/0        ( 0.0%) 
physics               [variable]        5342/4194304  ( 0.1%) 
physics terrain       [variable]           2/1048576  ( 0.0%) 

Level flags = 7d

Total triangle count: 268
Writing f:\!data\steamlibrary\steamapps\common\counter-strike global offensive\dining\de_dining.bsp
MSG_FILEWRITE - Filesystem was asked to write to 'f:\!data\steamlibrary\steamapps\common\counter-strike global offensive\dining\de_dining.bsp', but we don't own that location. Allowing...
1 second elapsed



materialPath: C:\Program Files (x86)\Steam\steamapps\common\Counter-Strike Global Offensive\csgo\materials
Loading f:\!data\steamlibrary\steamapps\common\counter-strike global offensive\dining\de_dining.vmf
Map revision 81
Patching WVT material: maps/de_dining/de_train/blendgrassdirt001a_wvt_patch
fixing up env_cubemap materials on brush sides...
0...1...2...3...4...5...6...7...8...9...100...1...2...3...4...5...6...7...8...9...10Processing areas...done (0)
Building Faces...done (0)
FixTjuncs...
PruneNodes...
WriteBSP...
done (0)
writing f:\!data\steamlibrary\steamapps\common\counter-strike global offensive\dining\de_dining.prt...Building visibility clusters...
AutoVisClustering (threshold=-1) matched 0 leafs.
done (0)
Finding displacement neighbors...
Finding lightmap sample positions...
Displacement Alpha : 0...1...2...3...4...5...6...7...8...9...10
Building Physics collision data...
done (0) (5342 bytes)
Placing detail props : 0...1...2...3...4...5...6...7...8...9...10
Compacting texture/material tables...
Reduced 23 texinfos to 11
Reduced 7 texdatas to 6 (197 bytes to 169)
Writing f:\!data\steamlibrary\steamapps\common\counter-strike global offensive\dining\de_dining.bsp
MSG_FILEWRITE - Filesystem was asked to write to 'f:\!data\steamlibrary\steamapps\common\counter-strike global offensive\dining\de_dining.bsp', but we don't own that location. Allowing...
0 seconds elapsed



8 threads
reading f:\!data\steamlibrary\steamapps\common\counter-strike global offensive\dining\de_dining.bsp
reading f:\!data\steamlibrary\steamapps\common\counter-strike global offensive\dining\de_dining.prt
   6 portalclusters
   8 numportals
0...1...2...3...4...5...6...7...8...9...100...1...2...3...4...5...6...7...8...9...10Optimized: 0 visible clusters (0.00%)
Total clusters visible: 36
Average clusters visible: 6
Building PAS...
Average clusters audible: 6
visdatasize:64  compressed from 96
writing f:\!data\steamlibrary\steamapps\common\counter-strike global offensive\dining\de_dining.bsp
MSG_FILEWRITE - Filesystem was asked to write to 'f:\!data\steamlibrary\steamapps\common\counter-strike global offensive\dining\de_dining.bsp', but we don't own that location. Allowing...
0 seconds elapsed



[Reading texlights from 'lights.rad']
[17 texlights parsed from 'lights.rad']

Loading f:\!data\steamlibrary\steamapps\common\counter-strike global offensive\dining\de_dining.bsp
95 faces
96091 square feet [13837123.00 square inches]
0 Displacements
0 Square Feet [0.00 Square Inches]
95 patches before subdivision
10207 patches after subdivision
13 direct lights
0...1...2...3...4...5...6...7...8...9...100...1...2...3...4...5...6...7...8...9...10transfers 1081494, max 282
transfer lists:   8.3 megs
0...1...2...3...4...5...6...7...8...9...10	Bounce #1 added RGB(31472, 30469, 28747)
0...1...2...3...4...5...6...7...8...9...10	Bounce #2 added RGB(14931, 13963, 12538)
0...1...2...3...4...5...6...7...8...9...10	Bounce #3 added RGB(6805, 6150, 5248)
0...1...2...3.


materialPath: C:\Program Files (x86)\Steam\steamapps\common\Counter-Strike Global Offensive\csgo\materials
Loading f:\!data\steamlibrary\steamapps\common\counter-strike global offensive\dining\de_dining.vmf
Map revision 82
Patching WVT material: maps/de_dining/de_train/blendgrassdirt001a_wvt_patch
fixing up env_cubemap materials on brush sides...
0...1...2...3...4...5...6...7...8...9...100...1...2...3...4...5...6...7...8...9...10Processing areas...done (0)
Building Faces...done (0)
FixTjuncs...
PruneNodes...
WriteBSP...
done (0)
writing f:\!data\steamlibrary\steamapps\common\counter-strike global offensive\dining\de_dining.prt...Building visibility clusters...
AutoVisClustering (threshold=-1) matched 0 leafs.
done (0)
Finding displacement neighbors...
Finding lightmap sample positions...
Displacement Alpha : 0...1...2...3...4...5...6...7...8...9...10
Building Physics collision data...
done (0) (5342 bytes)
Placing detail props : 0...1...2...3...4...5...6...7...8...9...10
Compacting texture/material tables...
Reduced 23 texinfos to 11
Reduced 7 texdatas to 6 (197 bytes to 169)
Writing f:\!data\steamlibrary\steamapps\common\counter-strike global offensive\dining\de_dining.bsp
MSG_FILEWRITE - Filesystem was asked to write to 'f:\!data\steamlibrary\steamapps\common\counter-strike global offensive\dining\de_dining.bsp', but we don't own that location. Allowing...
0 seconds elapsed



8 threads
reading f:\!data\steamlibrary\steamapps\common\counter-strike global offensive\dining\de_dining.bsp
reading f:\!data\steamlibrary\steamapps\common\counter-strike global offensive\dining\de_dining.prt
   6 portalclusters
   8 numportals
0...1...2...3...4...5...6...7...8...9...100...1...2...3...4...5...6...7...8...9...10Optimized: 0 visible clusters (0.00%)
Total clusters visible: 36
Average clusters visible: 6
Building PAS...
Average clusters audible: 6
visdatasize:64  compressed from 96
writing f:\!data\steamlibrary\steamapps\common\counter-strike global offensive\dining\de_dining.bsp
MSG_FILEWRITE - Filesystem was asked to write to 'f:\!data\steamlibrary\steamapps\common\counter-strike global offensive\dining\de_dining.bsp', but we don't own that location. Allowing...
0 seconds elapsed



[Reading texlights from 'lights.rad']
[17 texlights parsed from 'lights.rad']

Loading f:\!data\steamlibrary\steamapps\common\counter-strike global offensive\dining\de_dining.bsp
95 faces
96091 square feet [13837123.00 square inches]
0 Displacements
0 Square Feet [0.00 Square Inches]
95 patches before subdivision
10207 patches after subdivision
13 direct lights
0...1...2...3...4...5...6...7...8...9...100...1...2...3...4...5...6...7...8...9...10transfers 1081494, max 282
transfer lists:   8.3 megs
0...1...2...3...4...5...6...7...8...9...10	Bounce #1 added RGB(31473, 30470, 28748)
0...1...2...3...4...5...6...7...8...9...10	Bounce #2 added RGB(14931, 13963, 12539)
0...1...2...3...4...5...6...7...8...9...10	Bounce #3 added RGB(6805, 6150, 5248)
0...1...2...3...4...5...6...7...8...9...10	Bounce #4 added RGB(3179, 2776, 2251)
0...1...2...3...4...5...6...7...8...9...10	Bounce #5 added RGB(1473, 1243, 957)
0...1...2...3...4...5...6...7...8...9...10	Bounce #6 added RGB(684, 558, 408)
0...1...2...3...4...5...6...7...8...9...10	Bounce #7 added RGB(317, 250, 174)
0...1...2...3...4...5...6...7...8...9...10	Bounce #8 added RGB(147, 112, 74)
0...1...2...3...4...5...6...7...8...9...10	Bounce #9 added RGB(68, 50, 31)
0...1...2...3...4...5...6...7...8...9...10	Bounce #10 added RGB(31, 22, 13)
0...1...2...3...4...5...6...7...8...9...10	Bounce #11 added RGB(14, 10, 6)
0...1...2...3...4...5...6...7...8...9...10	Bounce #12 added RGB(7, 4, 2)
0...1...2...3...4...5...6...7...8...9...10	Bounce #13 added RGB(3, 2, 1)
0...1...2...3...4...5...6...7...8...9...10	Bounce #14 added RGB(1, 1, 0)
0...1...2...3...4...5...6...7...8...9...10	Bounce #15 added RGB(1, 0, 0)
Build Patch/Sample Hash Table(s).....Done<0.0020 sec>
0...1...2...3...4...5...6...7...8...9...10FinalLightFace Done
0 of 0 (0% of) surface lights went in leaf ambient cubes.
0...1...2...3...4...5...6...7...8...9...10Writing leaf ambient...done
Ready to Finish

Object names       Objects/Maxobjs  Memory / Maxmem  Fullness 
------------       ---------------  ---------------  -------- 
models                   4/1024          192/49152    ( 0.4%) 
brushes                 13/8192          156/98304    ( 0.2%) 
brushsides              82/81920         656/655360   ( 0.1%) 
planes                  90/65536        1800/1310720  ( 0.1%) 
vertexes               164/65536        1968/786432   ( 0.3%) 
nodes                   47/65536        1504/2097152  ( 0.1%) 
texinfos                11/12288         792/884736   ( 0.1%) 
texdata                  6/4096          192/131072   ( 0.1%) 
dispinfos                0/0               0/0        ( 0.0%) 
disp_verts               0/0               0/0        ( 0.0%) 
disp_tris                0/0               0/0        ( 0.0%) 
disp_multiblend          0/0               0/0        ( 0.0%) 
disp_lmsamples           0/0               0/0        ( 0.0%) 
faces                   95/65536        5320/3670016  ( 0.1%) 
hdr faces                0/65536           0/3670016  ( 0.0%) 
origfaces               27/65536        1512/3670016  ( 0.0%) 
facebrushes              0/0               0/0        ( 0.0%) 
facebrushlists          95/0             380/0        ( 0.0%) 
leaves                  52/65536        1664/2097152  ( 0.1%) 
leaffaces               95/65536         190/131072   ( 0.1%) 
leafbrushes             39/65536          78/131072   ( 0.1%) 
areas                    2/1024           16/8192     ( 0.2%) 
surfedges              538/512000       2152/2048000  ( 0.1%) 
edges                  302/256000       1208/1024000  ( 0.1%) 
LDR worldlights         13/8192         1300/819200   ( 0.2%) 
HDR worldlights          0/8192            0/819200   ( 0.0%) 
leafwaterdata            0/32768           0/393216   ( 0.0%) 
waterstrips             11/32768         110/327680   ( 0.0%) 
waterverts               0/65536           0/786432   ( 0.0%) 
waterindices           156/65536         312/131072   ( 0.2%) 
cubemapsamples           0/1024            0/16384    ( 0.0%) 
overlays                 0/1024            0/360448   ( 0.0%) 
LDR lightdata         [variable]      879068/0        ( 0.0%) 
HDR lightdata         [variable]           0/0        ( 0.0%) 
visdata               [variable]          64/16777216 ( 0.0%) 
entdata               [variable]        4450/393216   ( 1.1%) 
LDR ambient table       52/65536         208/262144   ( 0.1%) 
HDR ambient table       52/65536         208/262144   ( 0.1%) 
LDR leaf ambient       242/65536        6776/1835008  ( 0.4%) 
HDR leaf ambient        52/65536        1456/1835008  ( 0.1%) 
occluders                0/0               0/0        ( 0.0%) 
occluder polygons        0/0               0/0        ( 0.0%) 
occluder vert ind        0/0               0/0        ( 0.0%) 
detail props          [variable]           1/12       ( 8.3%) 
static props          [variable]           1/12       ( 8.3%) 
pakfile               [variable]       74771/0        ( 0.0%) 
physics               [variable]        5342/4194304  ( 0.1%) 
physics terrain       [variable]           2/1048576  ( 0.0%) 

Level flags = 7d

Total triangle count: 240
Writing f:\!data\steamlibrary\steamapps\common\counter-strike global offensive\dining\de_dining.bsp
MSG_FILEWRITE - Filesystem was asked to write to 'f:\!data\steamlibrary\steamapps\common\counter-strike global offensive\dining\de_dining.bsp', but we don't own that location. Allowing...
2 seconds elapsed



materialPath: C:\Program Files (x86)\Steam\steamapps\common\Counter-Strike Global Offensive\csgo\materials
Loading f:\!data\steamlibrary\steamapps\common\counter-strike global offensive\dining\de_dining.vmf
Map revision 83
Patching WVT material: maps/de_dining/de_train/blendgrassdirt001a_wvt_patch
fixing up env_cubemap materials on brush sides...
0...1...2...3...4...5...6...7...8...9...100...1...2...3...4...5...6...7...8...9...10Processing areas...done (0)
Building Faces...done (0)
FixTjuncs...
PruneNodes...
WriteBSP...
done (0)
writing f:\!data\steamlibrary\steamapps\common\counter-strike global offensive\dining\de_dining.prt...Building visibility clusters...
AutoVisClustering (threshold=-1) matched 0 leafs.
done (0)
Finding displacement neighbors...
Finding lightmap sample positions...
Displacement Alpha : 0...1...2...3...4...5...6...7...8...9...10
Building Physics collision data...
done (0) (5342 bytes)
Placing detail props : 0...1...2...3...4...5...6...7...8...9...10
Compacting texture/material tables...
Reduced 23 texinfos to 11
Reduced 7 texdatas to 6 (197 bytes to 169)
Writing f:\!data\steamlibrary\steamapps\common\counter-strike global offensive\dining\de_dining.bsp
MSG_FILEWRITE - Filesystem was asked to write to 'f:\!data\steamlibrary\steamapps\common\counter-strike global offensive\dining\de_dining.bsp', but we don't own that location. Allowing...
0 seconds elapsed



8 threads
reading f:\!data\steamlibrary\steamapps\common\counter-strike global offensive\dining\de_dining.bsp
reading f:\!data\steamlibrary\steamapps\common\counter-strike global offensive\dining\de_dining.prt
   6 portalclusters
   8 numportals
0...1...2...3...4...5...6...7...8...9...100...1...2...3...4...5...6...7...8...9...10Optimized: 0 visible clusters (0.00%)
Total clusters visible: 36
Average clusters visible: 6
Building PAS...
Average clusters audible: 6
visdatasize:64  compressed from 96
writing f:\!data\steamlibrary\steamapps\common\counter-strike global offensive\dining\de_dining.bsp
MSG_FILEWRITE - Filesystem was asked to write to 'f:\!data\steamlibrary\steamapps\common\counter-strike global offensive\dining\de_dining.bsp', but we don't own that location. Allowing...
0 seconds elapsed



[Reading texlights from 'lights.rad']
[17 texlights parsed from 'lights.rad']

Loading f:\!data\steamlibrary\steamapps\common\counter-strike global offensive\dining\de_dining.bsp
95 faces
96091 square feet [13837123.00 square inches]
0 Displacements
0 Square Feet [0.00 Square Inches]
95 patches before subdivision
10207 patches after subdivision
13 direct lights
0...1...2...3...4...5...6...7...8...9...100...1...2...3...4...5...6...7...8...9...10transfers 1081494, max 282
transfer lists:   8.3 megs
0...1...2...3...4...5...6...7...8...9...10	Bounce #1 added RGB(31473, 30469, 28748)
0...1...2...3...4...5...6...7...8...9...10	Bounce #2 added RGB(14931, 13963, 12539)
0...1...2...3...4...5...6...7...8...9...10	Bounce #3 added RGB(6805, 6150, 5248)
0...1...2...3...4...5...6...7...8...9...10	Bounce #4 added RGB(3179, 2776, 2251)
0...1...2...3...4...5...6...7...8...9...10	Bounce #5 added RGB(1473, 1243, 957)
0...1...2...3...4...5...6...7...8...9...10	Bounce #6 added RGB(684, 558, 408)
0...1...2...3...4...5...6...7...8...9...10	Bounce #7 added RGB(317, 250, 174)
0...1...2...3...4...5...6...7...8...9...10	Bounce #8 added RGB(147, 112, 74)
0...1...2...3...4...5...6...7...8...9...10	Bounce #9 added RGB(68, 50, 31)
0...1...2...3...4...5...6...7...8...9...10	Bounce #10 added RGB(31, 22, 13)
0...1...2...3...4...5...6...7...8...9...10	Bounce #11 added RGB(14, 10, 6)
0...1...2...3...4...5...6...7...8...9...10	Bounce #12 added RGB(7, 4, 2)
0...1...2...3...4...5...6...7...8...9...10	Bounce #13 added RGB(3, 2, 1)
0...1...2...3...4...5...6...7...8...9...10	Bounce #14 added RGB(1, 1, 0)
0...1...2...3...4...5...6...7...8...9...10	Bounce #15 added RGB(1, 0, 0)
Build Patch/Sample Hash Table(s).....Done<0.0020 sec>
0...1...2...3...4...5...6...7...8...9...10FinalLightFace Done
0 of 0 (0% of) surface lights went in leaf ambient cubes.
0...1...2...3...4...5...6...7...8...9...10Writing leaf ambient...done
Ready to Finish

Object names       Objects/Maxobjs  Memory / Maxmem  Fullness 
------------       ---------------  ---------------  -------- 
models                   4/1024          192/49152    ( 0.4%) 
brushes                 13/8192          156/98304    ( 0.2%) 
brushsides              82/81920         656/655360   ( 0.1%) 
planes                  90/65536        1800/1310720  ( 0.1%) 
vertexes               164/65536        1968/786432   ( 0.3%) 
nodes                   47/65536        1504/2097152  ( 0.1%) 
texinfos                11/12288         792/884736   ( 0.1%) 
texdata                  6/4096          192/131072   ( 0.1%) 
dispinfos                0/0               0/0        ( 0.0%) 
disp_verts               0/0               0/0        ( 0.0%) 
disp_tris                0/0               0/0        ( 0.0%) 
disp_multiblend          0/0               0/0        ( 0.0%) 
disp_lmsamples           0/0               0/0        ( 0.0%) 
faces                   95/65536        5320/3670016  ( 0.1%) 
hdr faces                0/65536           0/3670016  ( 0.0%) 
origfaces               27/65536        1512/3670016  ( 0.0%) 
facebrushes              0/0               0/0        ( 0.0%) 
facebrushlists          95/0             380/0        ( 0.0%) 
leaves                  52/65536        1664/2097152  ( 0.1%) 
leaffaces               95/65536         190/131072   ( 0.1%) 
leafbrushes             39/65536          78/131072   ( 0.1%) 
areas                    2/1024           16/8192     ( 0.2%) 
surfedges              538/512000       2152/2048000  ( 0.1%) 
edges                  302/256000       1208/1024000  ( 0.1%) 
LDR worldlights         13/8192         1300/819200   ( 0.2%) 
HDR worldlights          0/8192            0/819200   ( 0.0%) 
leafwaterdata            0/32768           0/393216   ( 0.0%) 
waterstrips             11/32768         110/327680   ( 0.0%) 
waterverts               0/65536           0/786432   ( 0.0%) 
waterindices           156/65536         312/131072   ( 0.2%) 
cubemapsamples           0/1024            0/16384    ( 0.0%) 
overlays                 0/1024            0/360448   ( 0.0%) 
LDR lightdata         [variable]      879068/0        ( 0.0%) 
HDR lightdata         [variable]           0/0        ( 0.0%) 
visdata               [variable]          64/16777216 ( 0.0%) 
entdata               [variable]        4552/393216   ( 1.2%) 
LDR ambient table       52/65536         208/262144   ( 0.1%) 
HDR ambient table       52/65536         208/262144   ( 0.1%) 
LDR leaf ambient       242/65536        6776/1835008  ( 0.4%) 
HDR leaf ambient        52/65536        1456/1835008  ( 0.1%) 
occluders                0/0               0/0        ( 0.0%) 
occluder polygons        0/0               0/0        ( 0.0%) 
occluder vert ind        0/0               0/0        ( 0.0%) 
detail props          [variable]           1/12       ( 8.3%) 
static props          [variable]           1/12       ( 8.3%) 
pakfile               [variable]       74771/0        ( 0.0%) 
physics               [variable]        5342/4194304  ( 0.1%) 
physics terrain       [variable]           2/1048576  ( 0.0%) 

Level flags = 7d

Total triangle count: 240
Writing f:\!data\steamlibrary\steamapps\common\counter-strike global offensive\dining\de_dining.bsp
MSG_FILEWRITE - Filesystem was asked to write to 'f:\!data\steamlibrary\steamapps\common\counter-strike global offensive\dining\de_dining.bsp', but we don't own that location. Allowing...
1 second elapsed



materialPath: C:\Program Files (x86)\Steam\steamapps\common\Counter-Strike Global Offensive\csgo\materials
Loading f:\!data\steamlibrary\steamapps\common\counter-strike global offensive\dining\de_dining.vmf
Map revision 85
Patching WVT material: maps/de_dining/de_train/blendgrassdirt001a_wvt_patch
fixing up env_cubemap materials on brush sides...
0...1...2...3...4...5...6...7...8...9...100...1...2...3...4...5...6...7...8...9...10Processing areas...done (0)
Building Faces...done (0)
FixTjuncs...
PruneNodes...
WriteBSP...
done (0)
writing f:\!data\steamlibrary\steamapps\common\counter-strike global offensive\dining\de_dining.prt...Building visibility clusters...
AutoVisClustering (threshold=-1) matched 0 leafs.
done (0)
Finding displacement neighbors...
Finding lightmap sample positions...
Displacement Alpha : 0...1...2...3...4...5...6...7...8...9...10
Building Physics collision data...
done (0) (5342 bytes)
Placing detail props : 0...1...2...3...4...5...6...7...8...9...10
Compacting texture/material tables...
Reduced 23 texinfos to 11
Reduced 7 texdatas to 6 (197 bytes to 169)
Writing f:\!data\steamlibrary\steamapps\common\counter-strike global offensive\dining\de_dining.bsp
MSG_FILEWRITE - Filesystem was asked to write to 'f:\!data\steamlibrary\steamapps\common\counter-strike global offensive\dining\de_dining.bsp', but we don't own that location. Allowing...
0 seconds elapsed



8 threads
reading f:\!data\steamlibrary\steamapps\common\counter-strike global offensive\dining\de_dining.bsp
reading f:\!data\steamlibrary\steamapps\common\counter-strike global offensive\dining\de_dining.prt
   6 portalclusters
   8 numportals
0...1...2...3...4...5...6...7...8...9...100...1...2...3...4...5...6...7...8...9...10Optimized: 0 visible clusters (0.00%)
Total clusters visible: 36
Average clusters visible: 6
Building PAS...
Average clusters audible: 6
visdatasize:64  compressed from 96
writing f:\!data\steamlibrary\steamapps\common\counter-strike global offensive\dining\de_dining.bsp
MSG_FILEWRITE - Filesystem was asked to write to 'f:\!data\steamlibrary\steamapps\common\counter-strike global offensive\dining\de_dining.bsp', but we don't own that location. Allowing...
0 seconds elapsed



[Reading texlights from 'lights.rad']
[17 texlights parsed from 'lights.rad']

Loading f:\!data\steamlibrary\steamapps\common\counter-strike global offensive\dining\de_dining.bsp
95 faces
96091 square feet [13837123.00 square inches]
0 Displacements
0 Square Feet [0.00 Square Inches]
95 patches before subdivision
10207 patches after subdivision
13 direct lights
0...1...2...3...4...5...6...7...8...9...100...1...2...3...4...5...6...7...8...9...10transfers 1081494, max 282
transfer lists:   8.3 megs
0...1...2...3...4...5...6...7...8...9...10	Bounce #1 added RGB(31472, 30469, 28747)
0...1...2...3...4...5...6...7...8...9...10	Bounce #2 added RGB(14931, 13963, 12538)
0...1...2...3...4...5...6...7...8...9...10	Bounce #3 added RGB(6805, 6150, 5248)
0...1...2...3...4...5...6...7...8...9...10	Bounce #4 added RGB(3179, 2776, 2251)
0...1...2...3...4...5...6...7...8...9...10	Bounce #5 added RGB(1473, 1243, 957)
0...1...2...3...4...5...6...7...8...9...10	Bounce #6 added RGB(684, 558, 408)
0...1...2...3...4...5...6...7...8...9...10	Bounce #7 added RGB(317, 250, 174)
0...1...2...3...4...5...6...7...8...9...10	Bounce #8 added RGB(147, 112, 74)
0...1...2...3...4...5...6...7...8...9...10	Bounce #9 added RGB(68, 50, 31)
0...1...2...3...4...5...6...7...8...9...10	Bounce #10 added RGB(31, 22, 13)
0...1...2...3...4...5...6...7...8...9...10	Bounce #11 added RGB(14, 10, 6)
0...1...2...3...4...5...6...7...8...9...10	Bounce #12 added RGB(7, 4, 2)
0...1...2...3...4...5...6...7...8...9...10	Bounce #13 added RGB(3, 2, 1)
0...1...2...3...4...5...6...7...8...9...10	Bounce #14 added RGB(1, 1, 0)
0...1...2...3...4...5...6...7...8...9...10	Bounce #15 added RGB(1, 0, 0)
Build Patch/Sample Hash Table(s).....Done<0.0020 sec>
0...1...2...3...4...5...6...7...8...9...10FinalLightFace Done
0 of 0 (0% of) surface lights went in leaf ambient cubes.
0...1...2...3...4...5...6...7...8...9...10Writing leaf ambient...done
Ready to Finish

Object names       Objects/Maxobjs  Memory / Maxmem  Fullness 
------------       ---------------  ---------------  -------- 
models                   4/1024          192/49152    ( 0.4%) 
brushes                 13/8192          156/98304    ( 0.2%) 
brushsides              82/81920         656/655360   ( 0.1%) 
planes                  90/65536        1800/1310720  ( 0.1%) 
vertexes               164/65536        1968/786432   ( 0.3%) 
nodes                   47/65536        1504/2097152  ( 0.1%) 
texinfos                11/12288         792/884736   ( 0.1%) 
texdata                  6/4096          192/131072   ( 0.1%) 
dispinfos                0/0               0/0        ( 0.0%) 
disp_verts               0/0               0/0        ( 0.0%) 
disp_tris                0/0               0/0        ( 0.0%) 
disp_multiblend          0/0               0/0        ( 0.0%) 
disp_lmsamples           0/0               0/0        ( 0.0%) 
faces                   95/65536        5320/3670016  ( 0.1%) 
hdr faces                0/65536           0/3670016  ( 0.0%) 
origfaces               27/65536        1512/3670016  ( 0.0%) 
facebrushes              0/0               0/0        ( 0.0%) 
facebrushlists          95/0             380/0        ( 0.0%) 
leaves                  52/65536        1664/2097152  ( 0.1%) 
leaffaces               95/65536         190/131072   ( 0.1%) 
leafbrushes             39/65536          78/131072   ( 0.1%) 
areas                    2/1024           16/8192     ( 0.2%) 
surfedges              538/512000       2152/2048000  ( 0.1%) 
edges                  302/256000       1208/1024000  ( 0.1%) 
LDR worldlights         13/8192         1300/819200   ( 0.2%) 
HDR worldlights          0/8192            0/819200   ( 0.0%) 
leafwaterdata            0/32768           0/393216   ( 0.0%) 
waterstrips             11/32768         110/327680   ( 0.0%) 
waterverts               0/65536           0/786432   ( 0.0%) 
waterindices           156/65536         312/131072   ( 0.2%) 
cubemapsamples           0/1024            0/16384    ( 0.0%) 
overlays                 0/1024            0/360448   ( 0.0%) 
LDR lightdata         [variable]      879068/0        ( 0.0%) 
HDR lightdata         [variable]           0/0        ( 0.0%) 
visdata               [variable]          64/16777216 ( 0.0%) 
entdata               [variable]        5222/393216   ( 1.3%) 
LDR ambient table       52/65536         208/262144   ( 0.1%) 
HDR ambient table       52/65536         208/262144   ( 0.1%) 
LDR leaf ambient       242/65536        6776/1835008  ( 0.4%) 
HDR leaf ambient        52/65536        1456/1835008  ( 0.1%) 
occluders                0/0               0/0        ( 0.0%) 
occluder polygons        0/0               0/0        ( 0.0%) 
occluder vert ind        0/0               0/0        ( 0.0%) 
detail props          [variable]           1/12       ( 8.3%) 
static props          [variable]           1/12       ( 8.3%) 
pakfile               [variable]       74771/0        ( 0.0%) 
physics               [variable]        5342/4194304  ( 0.1%) 
physics terrain       [variable]           2/1048576  ( 0.0%) 

Level flags = 7d

Total triangle count: 240
Writing f:\!data\steamlibrary\steamapps\common\counter-strike global offensive\dining\de_dining.bsp
MSG_FILEWRITE - Filesystem was asked to write to 'f:\!data\steamlibrary\steamapps\common\counter-strike global offensive\dining\de_dining.bsp', but we don't own that location. Allowing...
1 second elapsed



materialPath: C:\Program Files (x86)\Steam\steamapps\common\Counter-Strike Global Offensive\csgo\materials
Loading f:\!data\steamlibrary\steamapps\common\counter-strike global offensive\dining\de_dining.vmf
Map revision 89
Patching WVT material: maps/de_dining/de_train/blendgrassdirt001a_wvt_patch
fixing up env_cubemap materials on brush sides...
0...1...2...3...4...5...6...7...8...9...100...1...2...3...4...5...6...7...8...9...10Processing areas...done (0)
Building Faces...done (0)
FixTjuncs...
PruneNodes...
WriteBSP...
done (0)
writing f:\!data\steamlibrary\steamapps\common\counter-strike global offensive\dining\de_dining.prt...Building visibility clusters...
AutoVisClustering (threshold=-1) matched 0 leafs.
done (0)
Finding displacement neighbors...
Finding lightmap sample positions...
Displacement Alpha : 0...1...2...3...4...5...6...7...8...9...10
Building Physics collision data...
done (0) (5342 bytes)
Placing detail props : 0...1...2...3...4...5...6...7...8...9...10
Compacting texture/material tables...
Reduced 23 texinfos to 11
Reduced 7 texdatas to 6 (197 bytes to 169)
Writing f:\!data\steamlibrary\steamapps\common\counter-strike global offensive\dining\de_dining.bsp
MSG_FILEWRITE - Filesystem was asked to write to 'f:\!data\steamlibrary\steamapps\common\counter-strike global offensive\dining\de_dining.bsp', but we don't own that location. Allowing...
0 seconds elapsed



8 threads
reading f:\!data\steamlibrary\steamapps\common\counter-strike global offensive\dining\de_dining.bsp
reading f:\!data\steamlibrary\steamapps\common\counter-strike global offensive\dining\de_dining.prt
   6 portalclusters
   8 numportals
0...1...2...3...4...5...6...7...8...9...100...1...2...3...4...5...6...7...8...9...10Optimized: 0 visible clusters (0.00%)
Total clusters visible: 36
Average clusters visible: 6
Building PAS...
Average clusters audible: 6
visdatasize:64  compressed from 96
writing f:\!data\steamlibrary\steamapps\common\counter-strike global offensive\dining\de_dining.bsp
MSG_FILEWRITE - Filesystem was asked to write to 'f:\!data\steamlibrary\steamapps\common\counter-strike global offensive\dining\de_dining.bsp', but we don't own that location. Allowing...
0 seconds elapsed



[Reading texlights from 'lights.rad']
[17 texlights parsed from 'lights.rad']

Loading f:\!data\steamlibrary\steamapps\common\counter-strike global offensive\dining\de_dining.bsp
95 faces
96091 square feet [13837123.00 square inches]
0 Displacements
0 Square Feet [0.00 Square Inches]
95 patches before subdivision
10207 patches after subdivision
13 direct lights
0...1...2...3...4...5...6...7...8...9...100...1...2...3...4...5...6...7...8...9...10transfers 1081494, max 282
transfer lists:   8.3 megs
0...1...2...3...4...5...6...7...8...9...10	Bounce #1 added RGB(31472, 30469, 28747)
0...1...2...3...4...5...6...7...8...9...10	Bounce #2 added RGB(14931, 13963, 12538)
0...1...2...3...4...5...6...7...8...9...10	Bounce #3 added RGB(6805, 6150, 5248)
0...1...2...3...4...5...6...7...8...9...10	Bounce #4 added RGB(3179, 2776, 2251)
0...1...2...3...4...5...6...7...8...9...10	Bounce #5 added RGB(1473, 1243, 957)
0...1...2...3...4...5...6...7...8...9...10	Bounce #6 added RGB(684, 558, 408)
0...1...2...3...4...5...6...7...8...9...10	Bounce #7 added RGB(317, 250, 174)
0...1...2...3...4...5...6...7...8...9...10	Bounce #8 added RGB(147, 112, 74)
0...1...2...3...4...5...6...7...8...9...10	Bounce #9 added RGB(68, 50, 31)
0...1...2...3...4...5...6...7...8...9...10	Bounce #10 added RGB(31, 22, 13)
0...1...2...3...4...5...6...7...8...9...10	Bounce #11 added RGB(14, 10, 6)
0...1...2...3...4...5...6...7...8...9...10	Bounce #12 added RGB(7, 4, 2)
0...1...2...3...4...5...6...7...8...9...10	Bounce #13 added RGB(3, 2, 1)
0...1...2...3...4...5...6...7...8...9...10	Bounce #14 added RGB(1, 1, 0)
0...1...2...3...4...5...6...7...8...9...10	Bounce #15 added RGB(1, 0, 0)
Build Patch/Sample Hash Table(s).....Done<0.0020 sec>
0...1...2...3...4...5...6...7...8...9...10FinalLightFace Done
0 of 0 (0% of) surface lights went in leaf ambient cubes.
0...1...2...3...4...5...6...7...8...9...10Writing leaf ambient...done
Ready to Finish

Object names       Objects/Maxobjs  Memory / Maxmem  Fullness 
------------       ---------------  ---------------  -------- 
models                   4/1024          192/49152    ( 0.4%) 
brushes                 13/8192          156/98304    ( 0.2%) 
brushsides              82/81920         656/655360   ( 0.1%) 
planes                  90/65536        1800/1310720  ( 0.1%) 
vertexes               164/65536        1968/786432   ( 0.3%) 
nodes                   47/65536        1504/2097152  ( 0.1%) 
texinfos                11/12288         792/884736   ( 0.1%) 
texdata                  6/4096          192/131072   ( 0.1%) 
dispinfos                0/0               0/0        ( 0.0%) 
disp_verts               0/0               0/0        ( 0.0%) 
disp_tris                0/0               0/0        ( 0.0%) 
disp_multiblend          0/0               0/0        ( 0.0%) 
disp_lmsamples           0/0               0/0        ( 0.0%) 
faces                   95/65536        5320/3670016  ( 0.1%) 
hdr faces                0/65536           0/3670016  ( 0.0%) 
origfaces               27/65536        1512/3670016  ( 0.0%) 
facebrushes              0/0               0/0        ( 0.0%) 
facebrushlists          95/0             380/0        ( 0.0%) 
leaves                  52/65536        1664/2097152  ( 0.1%) 
leaffaces               95/65536         190/131072   ( 0.1%) 
leafbrushes             39/65536          78/131072   ( 0.1%) 
areas                    2/1024           16/8192     ( 0.2%) 
surfedges              538/512000       2152/2048000  ( 0.1%) 
edges                  302/256000       1208/1024000  ( 0.1%) 
LDR worldlights         13/8192         1300/819200   ( 0.2%) 
HDR worldlights          0/8192            0/819200   ( 0.0%) 
leafwaterdata            0/32768           0/393216   ( 0.0%) 
waterstrips             11/32768         110/327680   ( 0.0%) 
waterverts               0/65536           0/786432   ( 0.0%) 
waterindices           156/65536         312/131072   ( 0.2%) 
cubemapsamples           0/1024            0/16384    ( 0.0%) 
overlays                 0/1024            0/360448   ( 0.0%) 
LDR lightdata         [variable]      879068/0        ( 0.0%) 
HDR lightdata         [variable]           0/0        ( 0.0%) 
visdata               [variable]          64/16777216 ( 0.0%) 
entdata               [variable]        5212/393216   ( 1.3%) 
LDR ambient table       52/65536         208/262144   ( 0.1%) 
HDR ambient table       52/65536         208/262144   ( 0.1%) 
LDR leaf ambient       242/65536        6776/1835008  ( 0.4%) 
HDR leaf ambient        52/65536        1456/1835008  ( 0.1%) 
occluders                0/0               0/0        ( 0.0%) 
occluder polygons        0/0               0/0        ( 0.0%) 
occluder vert ind        0/0               0/0        ( 0.0%) 
detail props          [variable]           1/12       ( 8.3%) 
static props          [variable]           1/12       ( 8.3%) 
pakfile               [variable]       74771/0        ( 0.0%) 
physics               [variable]        5342/4194304  ( 0.1%) 
physics terrain       [variable]           2/1048576  ( 0.0%) 

Level flags = 7d

Total triangle count: 240
Writing f:\!data\steamlibrary\steamapps\common\counter-strike global offensive\dining\de_dining.bsp
MSG_FILEWRITE - Filesystem was asked to write to 'f:\!data\steamlibrary\steamapps\common\counter-strike global offensive\dining\de_dining.bsp', but we don't own that location. Allowing...
1 second elapsed



materialPath: C:\Program Files (x86)\Steam\steamapps\common\Counter-Strike Global Offensive\csgo\materials
Loading f:\!data\steamlibrary\steamapps\common\counter-strike global offensive\dining\de_dining.vmf
Map revision 93
Patching WVT material: maps/de_dining/de_train/blendgrassdirt001a_wvt_patch
fixing up env_cubemap materials on brush sides...
0...1...2...3...4...5...6...7...8...9...100...1...2...3...4...5...6...7...8...9...10Processing areas...done (0)
Building Faces...done (0)
FixTjuncs...
PruneNodes...
WriteBSP...
done (0)
writing f:\!data\steamlibrary\steamapps\common\counter-strike global offensive\dining\de_dining.prt...Building visibility clusters...
AutoVisClustering (threshold=-1) matched 0 leafs.
done (0)
Finding displacement neighbors...
Finding lightmap sample positions...
Displacement Alpha : 0...1...2...3...4...5...6...7...8...9...10
Building Physics collision data...
done (0) (5342 bytes)
Placing detail props : 0...1...2...3...4...5...6...7...8...9...10
Compacting texture/material tables...
Reduced 23 texinfos to 11
Reduced 7 texdatas to 6 (197 bytes to 169)
Writing f:\!data\steamlibrary\steamapps\common\counter-strike global offensive\dining\de_dining.bsp
MSG_FILEWRITE - Filesystem was asked to write to 'f:\!data\steamlibrary\steamapps\common\counter-strike global offensive\dining\de_dining.bsp', but we don't own that location. Allowing...
0 seconds elapsed



8 threads
reading f:\!data\steamlibrary\steamapps\common\counter-strike global offensive\dining\de_dining.bsp
reading f:\!data\steamlibrary\steamapps\common\counter-strike global offensive\dining\de_dining.prt
   6 portalclusters
   8 numportals
0...1...2...3...4...5...6...7...8...9...100...1...2...3...4...5...6...7...8...9...10Optimized: 0 visible clusters (0.00%)
Total clusters visible: 36
Average clusters visible: 6
Building PAS...
Average clusters audible: 6
visdatasize:64  compressed from 96
writing f:\!data\steamlibrary\steamapps\common\counter-strike global offensive\dining\de_dining.bsp
MSG_FILEWRITE - Filesystem was asked to write to 'f:\!data\steamlibrary\steamapps\common\counter-strike global offensive\dining\de_dining.bsp', but we don't own that location. Allowing...
0 seconds elapsed



[Reading texlights from 'lights.rad']
[17 texlights parsed from 'lights.rad']

Loading f:\!data\steamlibrary\steamapps\common\counter-strike global offensive\dining\de_dining.bsp
95 faces
96091 square feet [13837123.00 square inches]
0 Displacements
0 Square Feet [0.00 Square Inches]
95 patches before subdivision
10207 patches after subdivision
13 direct lights
0...1...2...3...4...5...6...7...8...9...100...1...2...3...4...5...6...7...8...9...10transfers 1081494, max 282
transfer lists:   8.3 megs
0...1...2...3...4...5...6...7...8...9...10	Bounce #1 added RGB(31472, 30469, 28747)
0...1...2...3...4...5...6...7...8...9...10	Bounce #2 added RGB(14931, 13963, 12538)
0...1...2...3...4...5...6...7...8...9...10	Bounce #3 added RGB(6805, 6150, 5248)
0...1...2...3...4...5...6...7...8...9...10	Bounce #4 added RGB(3179, 2776, 2251)
0...1...2...3...4...5...6...7...8...9...10	Bounce #5 added RGB(1473, 1243, 957)
0...1...2...3...4...5...6...7...8...9...10	Bounce #6 added RGB(684, 558, 408)
0...1...2...3...4...5...6...7...8...9...10	Bounce #7 added RGB(317, 250, 174)
0...1...2...3...4...5...6...7...8...9...10	Bounce #8 added RGB(147, 112, 74)
0...1...2...3...4...5...6...7...8...9...10	Bounce #9 added RGB(68, 50, 31)
0...1...2...3...4...5...6...7...8...9...10	Bounce #10 added RGB(31, 22, 13)
0...1...2...3...4...5...6...7...8...9...10	Bounce #11 added RGB(14, 10, 6)
0...1...2...3...4...5...6...7...8...9...10	Bounce #12 added RGB(7, 4, 2)
0...1...2...3...4...5...6...7...8...9...10	Bounce #13 added RGB(3, 2, 1)
0...1...2...3...4...5...6...7...8...9...10	Bounce #14 added RGB(1, 1, 0)
0...1...2...3...4...5...6...7...8...9...10	Bounce #15 added RGB(1, 0, 0)
Build Patch/Sample Hash Table(s).....Done<0.0021 sec>
0...1...2...3...4...5...6...7...8...9...10FinalLightFace Done
0 of 0 (0% of) surface lights went in leaf ambient cubes.
0...1...2...3...4...5...6...7...8...9...10Writing leaf ambient...done
Ready to Finish

Object names       Objects/Maxobjs  Memory / Maxmem  Fullness 
------------       ---------------  ---------------  -------- 
models                   4/1024          192/49152    ( 0.4%) 
brushes                 13/8192          156/98304    ( 0.2%) 
brushsides              82/81920         656/655360   ( 0.1%) 
planes                  90/65536        1800/1310720  ( 0.1%) 
vertexes               164/65536        1968/786432   ( 0.3%) 
nodes                   47/65536        1504/2097152  ( 0.1%) 
texinfos                11/12288         792/884736   ( 0.1%) 
texdata                  6/4096          192/131072   ( 0.1%) 
dispinfos                0/0               0/0        ( 0.0%) 
disp_verts               0/0               0/0        ( 0.0%) 
disp_tris                0/0               0/0        ( 0.0%) 
disp_multiblend          0/0               0/0        ( 0.0%) 
disp_lmsamples           0/0               0/0        ( 0.0%) 
faces                   95/65536        5320/3670016  ( 0.1%) 
hdr faces                0/65536           0/3670016  ( 0.0%) 
origfaces               27/65536        1512/3670016  ( 0.0%) 
facebrushes              0/0               0/0        ( 0.0%) 
facebrushlists          95/0             380/0        ( 0.0%) 
leaves                  52/65536        1664/2097152  ( 0.1%) 
leaffaces               95/65536         190/131072   ( 0.1%) 
leafbrushes             39/65536          78/131072   ( 0.1%) 
areas                    2/1024           16/8192     ( 0.2%) 
surfedges              538/512000       2152/2048000  ( 0.1%) 
edges                  302/256000       1208/1024000  ( 0.1%) 
LDR worldlights         13/8192         1300/819200   ( 0.2%) 
HDR worldlights          0/8192            0/819200   ( 0.0%) 
leafwaterdata            0/32768           0/393216   ( 0.0%) 
waterstrips             11/32768         110/327680   ( 0.0%) 
waterverts               0/65536           0/786432   ( 0.0%) 
waterindices           156/65536         312/131072   ( 0.2%) 
cubemapsamples           0/1024            0/16384    ( 0.0%) 
overlays                 0/1024            0/360448   ( 0.0%) 
LDR lightdata         [variable]      879068/0        ( 0.0%) 
HDR lightdata         [variable]           0/0        ( 0.0%) 
visdata               [variable]          64/16777216 ( 0.0%) 
entdata               [variable]        6552/393216   ( 1.7%) 
LDR ambient table       52/65536         208/262144   ( 0.1%) 
HDR ambient table       52/65536         208/262144   ( 0.1%) 
LDR leaf ambient       242/65536        6776/1835008  ( 0.4%) 
HDR leaf ambient        52/65536        1456/1835008  ( 0.1%) 
occluders                0/0               0/0        ( 0.0%) 
occluder polygons        0/0               0/0        ( 0.0%) 
occluder vert ind        0/0               0/0        ( 0.0%) 
detail props          [variable]           1/12       ( 8.3%) 
static props          [variable]           1/12       ( 8.3%) 
pakfile               [variable]       74771/0        ( 0.0%) 
physics               [variable]        5342/4194304  ( 0.1%) 
physics terrain       [variable]           2/1048576  ( 0.0%) 

Level flags = 7d

Total triangle count: 240
Writing f:\!data\steamlibrary\steamapps\common\counter-strike global offensive\dining\de_dining.bsp
MSG_FILEWRITE - Filesystem was asked to write to 'f:\!data\steamlibrary\steamapps\common\counter-strike global offensive\dining\de_dining.bsp', but we don't own that location. Allowing...
1 second elapsed
