PRT1
40
82
4 0 4 (2560 1024 0 ) (2560 1024 448 ) (2048 1024 448 ) (2048 1024 0 ) 
4 0 2 (2560 1024 448 ) (2560 1024 1536 ) (2048 1024 1536 ) (2048 1024 448 ) 
4 0 1 (2048 1024 0 ) (2048 1024 1536 ) (2048 1472 1536 ) (2048 1472 0 ) 
4 1 16 (1024 1024 0 ) (1024 1024 1536 ) (1024 1472 1536 ) (1024 1472 0 ) 
4 1 7 (1024 1024 448 ) (1024 1024 0 ) (2048 1024 0 ) (2048 1024 448 ) 
4 1 5 (1024 1024 1536 ) (1024 1024 448 ) (2048 1024 448 ) (2048 1024 1536 ) 
4 2 5 (2048 1024 1536 ) (2048 1024 448 ) (2048 512 448 ) (2048 512 1536 ) 
4 2 4 (2048 1024 448 ) (2560 1024 448 ) (2560 512 448 ) (2048 512 448 ) 
4 2 3 (2560 512 512 ) (2560 512 1536 ) (2048 512 1536 ) (2048 512 512 ) 
4 3 8 (2560 0 512 ) (2560 0 1536 ) (2048 0 1536 ) (2048 0 512 ) 
4 3 6 (2048 0 512 ) (2048 0 1536 ) (2048 512 1536 ) (2048 512 512 ) 
4 4 10 (2560 0 0 ) (2560 0 448 ) (2048 0 448 ) (2048 0 0 ) 
4 4 7 (2048 1024 448 ) (2048 1024 0 ) (2048 0 0 ) (2048 0 448 ) 
4 5 18 (1024 512 1536 ) (1024 1024 1536 ) (1024 1024 448 ) (1024 512 448 ) 
4 5 7 (1024 512 448 ) (1024 1024 448 ) (2048 1024 448 ) (2048 512 448 ) 
4 5 6 (2048 512 512 ) (2048 512 1536 ) (1024 512 1536 ) (1024 512 512 ) 
4 6 19 (1024 0 512 ) (1024 0 1536 ) (1024 512 1536 ) (1024 512 512 ) 
4 6 11 (2048 0 512 ) (2048 0 1536 ) (1024 0 1536 ) (1024 0 512 ) 
4 7 20 (1024 0 0 ) (1024 0 448 ) (1024 1024 448 ) (1024 1024 0 ) 
4 7 13 (2048 0 0 ) (2048 0 448 ) (1024 0 448 ) (1024 0 0 ) 
4 8 11 (2048 0 1536 ) (2048 0 512 ) (2048 -512 512 ) (2048 -512 1536 ) 
4 8 9 (2560 -512 512 ) (2560 -512 1536 ) (2048 -512 1536 ) (2048 -512 512 ) 
4 9 14 (2560 -1024 448 ) (2560 -1024 1536 ) (2048 -1024 1536 ) (2048 -1024 448 ) 
4 9 12 (2048 -512 448 ) (2048 -1024 448 ) (2048 -1024 1536 ) (2048 -512 1536 ) 
4 9 10 (2560 -512 448 ) (2560 -1024 448 ) (2048 -1024 448 ) (2048 -512 448 ) 
4 10 14 (2560 -1024 0 ) (2560 -1024 448 ) (2048 -1024 448 ) (2048 -1024 0 ) 
4 10 13 (2048 0 448 ) (2048 0 0 ) (2048 -1024 0 ) (2048 -1024 448 ) 
4 11 28 (1024 -512 1536 ) (1024 0 1536 ) (1024 0 512 ) (1024 -512 512 ) 
4 11 12 (2048 -512 512 ) (2048 -512 1536 ) (1024 -512 1536 ) (1024 -512 512 ) 
4 12 29 (1024 -1024 448 ) (1024 -1024 1536 ) (1024 -512 1536 ) (1024 -512 448 ) 
4 12 15 (1024 -1024 1536 ) (1024 -1024 448 ) (2048 -1024 448 ) (2048 -1024 1536 ) 
4 12 13 (1024 -1024 448 ) (1024 -512 448 ) (2048 -512 448 ) (2048 -1024 448 ) 
4 13 30 (1024 -1024 0 ) (1024 -1024 448 ) (1024 0 448 ) (1024 0 0 ) 
4 13 15 (1024 -1024 448 ) (1024 -1024 0 ) (2048 -1024 0 ) (2048 -1024 448 ) 
4 14 15 (2048 -1024 1536 ) (2048 -1024 0 ) (2048 -1536 0 ) (2048 -1536 1536 ) 
4 15 34 (1024 -1536 0 ) (1024 -1536 1536 ) (1024 -1024 1536 ) (1024 -1024 0 ) 
4 16 20 (1024 1024 0 ) (1024 1024 448 ) (0 1024 448 ) (0 1024 0 ) 
4 16 18 (1024 1024 448 ) (1024 1024 1536 ) (0 1024 1536 ) (0 1024 448 ) 
4 16 17 (0 1024 0 ) (0 1024 1536 ) (0 1472 1536 ) (0 1472 0 ) 
4 17 24 (-1024 1024 0 ) (-1024 1024 1536 ) (-1024 1472 1536 ) (-1024 1472 0 ) 
4 17 23 (-1024 1024 448 ) (-1024 1024 0 ) (0 1024 0 ) (0 1024 448 ) 
4 17 21 (-1024 1024 1536 ) (-1024 1024 448 ) (0 1024 448 ) (0 1024 1536 ) 
4 18 21 (0 1024 1536 ) (0 1024 448 ) (0 512 448 ) (0 512 1536 ) 
4 18 20 (0 1024 448 ) (1024 1024 448 ) (1024 512 448 ) (0 512 448 ) 
4 18 19 (1024 512 512 ) (1024 512 1536 ) (0 512 1536 ) (0 512 512 ) 
4 19 28 (1024 0 512 ) (1024 0 1536 ) (0 0 1536 ) (0 0 512 ) 
4 19 22 (0 0 512 ) (0 0 1536 ) (0 512 1536 ) (0 512 512 ) 
4 20 30 (1024 0 0 ) (1024 0 448 ) (0 0 448 ) (0 0 0 ) 
4 20 23 (0 1024 448 ) (0 1024 0 ) (0 0 0 ) (0 0 448 ) 
4 21 25 (-1024 512 1536 ) (-1024 1024 1536 ) (-1024 1024 448 ) (-1024 512 448 ) 
4 21 23 (-1024 512 448 ) (-1024 1024 448 ) (0 1024 448 ) (0 512 448 ) 
4 21 22 (0 512 512 ) (0 512 1536 ) (-1024 512 1536 ) (-1024 512 512 ) 
4 22 31 (0 0 512 ) (0 0 1536 ) (-1024 0 1536 ) (-1024 0 512 ) 
4 22 26 (-1024 0 512 ) (-1024 0 1536 ) (-1024 512 1536 ) (-1024 512 512 ) 
4 23 33 (0 0 0 ) (0 0 448 ) (-1024 0 448 ) (-1024 0 0 ) 
4 23 27 (-1024 0 0 ) (-1024 0 448 ) (-1024 1024 448 ) (-1024 1024 0 ) 
4 24 27 (-1024 1024 0 ) (-1024 1024 448 ) (-1536 1024 448 ) (-1536 1024 0 ) 
4 24 25 (-1024 1024 448 ) (-1024 1024 1536 ) (-1536 1024 1536 ) (-1536 1024 448 ) 
4 25 27 (-1536 512 448 ) (-1536 1024 448 ) (-1024 1024 448 ) (-1024 512 448 ) 
4 25 26 (-1024 512 512 ) (-1024 512 1536 ) (-1536 512 1536 ) (-1536 512 512 ) 
4 26 36 (-1024 0 512 ) (-1024 0 1536 ) (-1536 0 1536 ) (-1536 0 512 ) 
4 27 38 (-1024 0 0 ) (-1024 0 448 ) (-1536 0 448 ) (-1536 0 0 ) 
4 28 31 (0 0 1536 ) (0 0 512 ) (0 -512 512 ) (0 -512 1536 ) 
4 28 29 (1024 -512 512 ) (1024 -512 1536 ) (0 -512 1536 ) (0 -512 512 ) 
4 29 34 (1024 -1024 448 ) (1024 -1024 1536 ) (0 -1024 1536 ) (0 -1024 448 ) 
4 29 32 (0 -512 448 ) (0 -1024 448 ) (0 -1024 1536 ) (0 -512 1536 ) 
4 29 30 (1024 -1024 448 ) (0 -1024 448 ) (0 -512 448 ) (1024 -512 448 ) 
4 30 34 (1024 -1024 0 ) (1024 -1024 448 ) (0 -1024 448 ) (0 -1024 0 ) 
4 30 33 (0 0 448 ) (0 0 0 ) (0 -1024 0 ) (0 -1024 448 ) 
4 31 36 (-1024 0 1536 ) (-1024 0 512 ) (-1024 -512 512 ) (-1024 -512 1536 ) 
4 31 32 (0 -512 512 ) (0 -512 1536 ) (-1024 -512 1536 ) (-1024 -512 512 ) 
4 32 37 (-1024 -512 448 ) (-1024 -1024 448 ) (-1024 -1024 1536 ) (-1024 -512 1536 ) 
4 32 35 (0 -1024 448 ) (0 -1024 1536 ) (-1024 -1024 1536 ) (-1024 -1024 448 ) 
4 32 33 (0 -512 448 ) (0 -1024 448 ) (-1024 -1024 448 ) (-1024 -512 448 ) 
4 33 38 (-1024 0 448 ) (-1024 0 0 ) (-1024 -1024 0 ) (-1024 -1024 448 ) 
4 33 35 (0 -1024 0 ) (0 -1024 448 ) (-1024 -1024 448 ) (-1024 -1024 0 ) 
4 34 35 (0 -1536 0 ) (0 -1536 1536 ) (0 -1024 1536 ) (0 -1024 0 ) 
4 35 39 (-1024 -1536 0 ) (-1024 -1536 1536 ) (-1024 -1024 1536 ) (-1024 -1024 0 ) 
4 36 37 (-1024 -512 512 ) (-1024 -512 1536 ) (-1536 -512 1536 ) (-1536 -512 512 ) 
4 37 39 (-1024 -1024 448 ) (-1024 -1024 1536 ) (-1536 -1024 1536 ) (-1536 -1024 448 ) 
4 37 38 (-1024 -1024 448 ) (-1536 -1024 448 ) (-1536 -512 448 ) (-1024 -512 448 ) 
4 38 39 (-1024 -1024 0 ) (-1024 -1024 448 ) (-1536 -1024 448 ) (-1536 -1024 0 ) 
