PRT1
130
422
4 0 25 (0 1024 256 ) (0 1024 352 ) (0 1056 352 ) (0 1056 256 ) 
4 0 20 (0 1024 352 ) (0 1024 256 ) (32 1024 256 ) (32 1024 352 ) 
4 0 19 (384 1024 256 ) (416 1024 256 ) (416 1024 352 ) (396 1024 352 ) 
4 0 1 (32 1024 256 ) (384 1024 256 ) (396 1024 352 ) (32 1024 352 ) 
4 1 23 (32 880 144 ) (32 704 144 ) (32 704 352 ) (32 880 352 ) 
4 1 22 (32 896 144 ) (32 880 144 ) (32 880 352 ) (32 896 352 ) 
4 1 21 (32 912 144 ) (32 896 144 ) (32 896 352 ) (32 912 352 ) 
4 1 20 (32 1024 352 ) (32 1024 144 ) (32 912 144 ) (32 912 352 ) 
4 1 19 (384 1024 256 ) (396 1024 352 ) (396 704 352 ) (384 704 256 ) 
4 1 10 (32 704 352 ) (32 704 144 ) (370 704 144 ) (396 704 352 ) 
4 1 8 (32 864 144 ) (32 896 144 ) (192 896 144 ) (192 864 144 ) 
4 1 7 (32 896 144 ) (32 1024 144 ) (192 1024 144 ) (192 896 144 ) 
4 1 9 (192 704 144 ) (32 704 144 ) (32 864 144 ) (192 864 144 ) 
4 1 4 (368 704 144 ) (352 704 144 ) (352 736 144 ) (368 736 144 ) 
4 1 3 (369.996094 704 144 ) (368 704 144 ) (368 736 144 ) (369.996094 736 144 ) 
4 1 5 (352 704 144 ) (348 704 144 ) (348 736 144 ) (352 736 144 ) 
4 1 6 (348 704 144 ) (192 704 144 ) (192 736 144 ) (348 736 144 ) 
4 1 2 (192 736 144 ) (192 1024 144 ) (369.996124 1024 144 ) (369.996094 736 144 ) 
4 2 8 (192 864 96 ) (192 864 144 ) (192 896 144 ) (192 896 96 ) 
4 2 7 (192 1024 0 ) (192 896 0 ) (192 896 144 ) (192 1024 144 ) 
4 2 9 (192 864 0 ) (192 736 0 ) (192 736 144 ) (192 864 144 ) 
4 2 4 (352 736 0 ) (368 736 128 ) (368 736 144 ) (352 736 144 ) 
3 2 3 (368 736 128 ) (370 736 144 ) (368 736 144 ) 
4 2 5 (348 736 0 ) (352 736 0 ) (352 736 144 ) (348 736 144 ) 
4 2 6 (192 736 144 ) (192 736 0 ) (348 736 0 ) (348 736 144 ) 
3 3 10 (368 704 128 ) (370 704 144 ) (368 704 144 ) 
4 3 4 (368 736 144 ) (368 736 128 ) (368 704 128 ) (368 704 144 ) 
5 4 10 (364 704 96 ) (368 704 128 ) (368 704 144 ) (352 704 144 ) (352 704 96 ) 
4 4 5 (352 736 144 ) (352 736 0 ) (352 704 0 ) (352 704 144 ) 
4 5 10 (352 704 96 ) (352 704 144 ) (348 704 144 ) (348 704 96 ) 
4 5 6 (348 736 144 ) (348 736 0 ) (348 704 0 ) (348 704 144 ) 
4 6 10 (348 704 96 ) (348 704 144 ) (192 704 144 ) (192 704 96 ) 
4 6 9 (192 736 0 ) (192 704 0 ) (192 704 144 ) (192 736 144 ) 
4 7 21 (32 896 16 ) (32 896 144 ) (32 912 144 ) (32 912 16 ) 
4 7 20 (32 1024 144 ) (32 1024 0 ) (32 912 0 ) (32 912 144 ) 
4 7 8 (192 896 96 ) (192 896 144 ) (32 896 144 ) (32 896 96 ) 
4 8 23 (32 864 96 ) (32 864 144 ) (32 880 144 ) (32 880 96 ) 
4 8 22 (32 880 144 ) (32 896 144 ) (32 896 96 ) (32 880 96 ) 
4 8 9 (192 864 96 ) (192 864 144 ) (32 864 144 ) (32 864 96 ) 
4 9 24 (32 864 0 ) (32 704 0 ) (32 704 88 ) (32 864 88 ) 
4 9 23 (32 704 88 ) (32 704 144 ) (32 864 144 ) (32 864 88 ) 
4 9 11 (32 704 96 ) (32 704 0 ) (160 704 0 ) (160 704 96 ) 
4 9 10 (32 704 144 ) (32 704 96 ) (192 704 96 ) (192 704 144 ) 
4 10 23 (32 32 96 ) (32 32 352 ) (32 704 352 ) (32 704 96 ) 
4 10 19 (384 704 256 ) (396 704 352 ) (396 32 352 ) (384 32 256 ) 
4 10 18 (32 32 192 ) (32 32 96 ) (76 32 96 ) (76 32 192 ) 
4 10 17 (32 32 352 ) (32 32 192 ) (376 32 192 ) (396 32 352 ) 
4 10 14 (40 264 96 ) (40 320 96 ) (112 320 96 ) (112 264 96 ) 
4 10 13 (40 320 96 ) (40 576 96 ) (112 576 96 ) (112 320 96 ) 
4 10 15 (112 32 96 ) (40 32 96 ) (40 264 96 ) (112 264 96 ) 
4 10 12 (256 32 96 ) (112 32 96 ) (112 576 96 ) (256 576 96 ) 
4 10 16 (40 32 96 ) (32 32 96 ) (32 576 96 ) (40 576 96 ) 
4 10 11 (32 576 96 ) (32 704 96 ) (160 704 96 ) (160 576 96 ) 
4 11 24 (32 704 0 ) (32 576 0 ) (32 576 88 ) (32 704 88 ) 
4 11 23 (32 576 88 ) (32 576 96 ) (32 704 96 ) (32 704 88 ) 
4 11 13 (112 576 96 ) (40 576 96 ) (40 576 0 ) (112 576 0 ) 
4 11 12 (160 576 96 ) (112 576 96 ) (112 576 0 ) (160 576 0 ) 
4 11 16 (40 576 96 ) (32 576 96 ) (32 576 0 ) (40 576 0 ) 
4 12 14 (112 264 80 ) (112 264 96 ) (112 320 96 ) (112 320 80 ) 
4 12 13 (112 576 96 ) (112 576 0 ) (112 320 0 ) (112 320 96 ) 
4 12 15 (112 264 0 ) (112 32 0 ) (112 32 96 ) (112 264 96 ) 
4 13 14 (40 320 96 ) (40 320 80 ) (112 320 80 ) (112 320 96 ) 
4 13 16 (40 576 96 ) (40 576 0 ) (40 320 0 ) (40 320 96 ) 
4 14 16 (40 264 80 ) (40 264 96 ) (40 320 96 ) (40 320 80 ) 
4 14 15 (40 264 96 ) (40 264 80 ) (112 264 80 ) (112 264 96 ) 
4 15 18 (40 32 0 ) (76 32 0 ) (76 32 96 ) (40 32 96 ) 
4 15 16 (40 264 0 ) (40 32 0 ) (40 32 96 ) (40 264 96 ) 
4 16 24 (32 576 0 ) (32 32 0 ) (32 32 88 ) (32 576 88 ) 
4 16 23 (32 32 88 ) (32 32 96 ) (32 576 96 ) (32 576 88 ) 
4 16 18 (32 32 96 ) (32 32 0 ) (40 32 0 ) (40 32 96 ) 
4 17 94 (32 0 352 ) (32 0 192 ) (48 0 192 ) (48 0 352 ) 
4 17 91 (76 0 192 ) (80 0 192 ) (80 0 352 ) (76 0 352 ) 
4 17 93 (48 0 192 ) (76 0 192 ) (76 0 352 ) (48 0 352 ) 
4 17 80 (80 0 192 ) (256 0 192 ) (256 0 352 ) (80 0 352 ) 
4 17 69 (256 0 192 ) (264 0 192 ) (264 0 352 ) (256 0 352 ) 
4 17 65 (264 0 192 ) (376 0 192 ) (396 0 352 ) (264 0 352 ) 
4 17 23 (32 0 192 ) (32 0 352 ) (32 32 352 ) (32 32 192 ) 
4 17 19 (384 32 256 ) (396 32 352 ) (396 0 352 ) (384 0 256 ) 
4 17 18 (32 0 192 ) (32 32 192 ) (76 32 192 ) (76 0 192 ) 
4 18 94 (32 0 192 ) (32 0 0 ) (48 0 0 ) (48 0 192 ) 
4 18 93 (48 0 0 ) (76 0 0 ) (76 0 192 ) (48 0 192 ) 
4 18 24 (32 32 0 ) (32 0 0 ) (32 0 88 ) (32 32 88 ) 
4 18 23 (32 0 88 ) (32 0 192 ) (32 32 192 ) (32 32 88 ) 
4 19 68 (416 0 352 ) (396 0 352 ) (384 0 256 ) (416 0 256 ) 
4 20 26 (0 1024 352 ) (0 1024 0 ) (0 912 0 ) (0 912 352 ) 
4 20 21 (32 912 16 ) (32 912 352 ) (0 912 352 ) (0 912 16 ) 
4 21 27 (0 896 16 ) (0 896 352 ) (0 912 352 ) (0 912 16 ) 
4 21 22 (32 896 32 ) (32 896 352 ) (0 896 352 ) (0 896 32 ) 
4 22 28 (0 896 352 ) (0 896 32 ) (0 880 32 ) (0 880 352 ) 
4 22 23 (0 880 352 ) (0 880 88 ) (32 880 88 ) (32 880 352 ) 
4 23 96 (0 0 352 ) (0 0 88 ) (32 0 88 ) (32 0 352 ) 
4 23 33 (0 0 88 ) (0 0 352 ) (0 176 352 ) (0 176 88 ) 
4 23 31 (0 176 352 ) (0 192 352 ) (0 192 88 ) (0 176 88 ) 
4 23 29 (0 864 352 ) (0 880 352 ) (0 880 88 ) (0 864 88 ) 
4 23 30 (0 192 352 ) (0 864 352 ) (0 864 88 ) (0 192 88 ) 
4 23 24 (32 864 88 ) (32 0 88 ) (0 0 88 ) (0 864 88 ) 
4 24 96 (0 0 88 ) (0 0 0 ) (32 0 0 ) (32 0 88 ) 
4 24 33 (0 0 0 ) (0 0 88 ) (0 176 88 ) (0 176 0 ) 
4 24 31 (0 176 88 ) (0 192 88 ) (0 192 0 ) (0 176 0 ) 
4 24 30 (0 192 88 ) (0 864 88 ) (0 864 0 ) (0 192 0 ) 
4 25 63 (-396 1024 352 ) (-416 1024 352 ) (-416 1024 256 ) (-384 1024 256 ) 
4 25 60 (-264 1024 352 ) (-396 1024 352 ) (-384 1024 256 ) (-264 1024 256 ) 
4 25 50 (-256 1024 352 ) (-264 1024 352 ) (-264 1024 256 ) (-256 1024 256 ) 
4 25 39 (-80 1024 352 ) (-256 1024 352 ) (-256 1024 256 ) (-80 1024 256 ) 
4 25 26 (0 1024 256 ) (0 1024 352 ) (-80 1024 352 ) (-80 1024 256 ) 
4 26 42 (-80 1024 0 ) (-80 912 0 ) (-80 912 96 ) (-80 1024 96 ) 
4 26 40 (-80 912 96 ) (-80 912 192 ) (-80 1024 192 ) (-80 1024 96 ) 
4 26 39 (-80 912 192 ) (-80 912 352 ) (-80 1024 352 ) (-80 1024 192 ) 
4 26 27 (0 912 352 ) (-80 912 352 ) (-80 912 16 ) (0 912 16 ) 
4 27 42 (-80 896 16 ) (-80 896 96 ) (-80 912 96 ) (-80 912 16 ) 
4 27 40 (-80 896 96 ) (-80 896 192 ) (-80 912 192 ) (-80 912 96 ) 
4 27 39 (-80 896 192 ) (-80 896 352 ) (-80 912 352 ) (-80 912 192 ) 
4 27 28 (-80 896 352 ) (-80 896 32 ) (0 896 32 ) (0 896 352 ) 
4 28 40 (-80 880 96 ) (-80 880 192 ) (-80 896 192 ) (-80 896 96 ) 
4 28 39 (-80 880 192 ) (-80 880 352 ) (-80 896 352 ) (-80 896 192 ) 
4 28 29 (-80 880 352 ) (-80 880 88 ) (0 880 88 ) (0 880 352 ) 
4 29 40 (-80 864 96 ) (-80 864 192 ) (-80 880 192 ) (-80 880 96 ) 
4 29 39 (-80 864 192 ) (-80 864 352 ) (-80 880 352 ) (-80 880 192 ) 
4 29 30 (0 864 352 ) (-80 864 352 ) (-80 864 88 ) (0 864 88 ) 
4 30 45 (-80 704 0 ) (-80 192 0 ) (-80 192 96 ) (-80 704 96 ) 
4 30 43 (-80 864 0 ) (-80 704 0 ) (-80 704 96 ) (-80 864 96 ) 
4 30 40 (-80 192 96 ) (-80 192 192 ) (-80 864 192 ) (-80 864 96 ) 
4 30 39 (-80 192 192 ) (-80 192 352 ) (-80 864 352 ) (-80 864 192 ) 
4 30 32 (-32 192 352 ) (-80 192 352 ) (-80 192 96 ) (-32 192 96 ) 
4 30 31 (0 192 352 ) (-32 192 352 ) (-32 192 0 ) (0 192 0 ) 
4 31 33 (-32 176 0 ) (0 176 0 ) (0 176 352 ) (-32 176 352 ) 
4 31 32 (-32 192 352 ) (-32 192 96 ) (-32 176 96 ) (-32 176 352 ) 
4 32 40 (-80 176 96 ) (-80 176 192 ) (-80 192 192 ) (-80 192 96 ) 
4 32 39 (-80 176 192 ) (-80 176 352 ) (-80 192 352 ) (-80 192 192 ) 
4 32 37 (-80 176 352 ) (-80 176 96 ) (-76 176 96 ) (-76 176 352 ) 
4 32 36 (-76 176 96 ) (-48 176 96 ) (-48 176 352 ) (-76 176 352 ) 
4 32 34 (-48 176 96 ) (-32 176 96 ) (-32 176 352 ) (-48 176 352 ) 
4 33 105 (0 0 0 ) (0 0 352 ) (-32 0 352 ) (-32 0 0 ) 
4 33 34 (-32 100 352 ) (-32 176 352 ) (-32 176 96 ) (-32 100 96 ) 
4 33 35 (-32 0 352 ) (-32 100 352 ) (-32 100 0 ) (-32 0 0 ) 
4 34 36 (-48 100 352 ) (-48 176 352 ) (-48 176 96 ) (-48 100 96 ) 
4 34 35 (-48 100 352 ) (-48 100 96 ) (-32 100 96 ) (-32 100 352 ) 
4 35 111 (-48 0 192 ) (-48 0 0 ) (-32 0 0 ) (-32 0 192 ) 
4 35 110 (-32 0 352 ) (-48 0 352 ) (-48 0 192 ) (-32 0 192 ) 
4 35 36 (-48 0 352 ) (-48 100 352 ) (-48 100 0 ) (-48 0 0 ) 
4 36 111 (-76 0 192 ) (-76 0 0 ) (-48 0 0 ) (-48 0 192 ) 
4 36 110 (-48 0 352 ) (-76 0 352 ) (-76 0 192 ) (-48 0 192 ) 
4 36 38 (-76 0 352 ) (-76 56 352 ) (-76 56 192 ) (-76 0 192 ) 
4 36 37 (-76 56 352 ) (-76 176 352 ) (-76 176 0 ) (-76 56 0 ) 
4 37 47 (-80 176 0 ) (-80 56 0 ) (-80 56 96 ) (-80 176 96 ) 
4 37 40 (-80 56 96 ) (-80 56 192 ) (-80 176 192 ) (-80 176 96 ) 
4 37 39 (-80 56 192 ) (-80 56 352 ) (-80 176 352 ) (-80 176 192 ) 
4 37 38 (-76 56 192 ) (-76 56 352 ) (-80 56 352 ) (-80 56 192 ) 
4 38 110 (-76 0 352 ) (-80 0 352 ) (-80 0 192 ) (-76 0 192 ) 
4 38 39 (-80 0 192 ) (-80 0 352 ) (-80 56 352 ) (-80 56 192 ) 
4 39 110 (-256 0 352 ) (-256 0 192 ) (-80 0 192 ) (-80 0 352 ) 
4 39 56 (-256 320 192 ) (-256 0 192 ) (-256 0 352 ) (-256 320 352 ) 
4 39 55 (-256 384 192 ) (-256 320 192 ) (-256 320 352 ) (-256 384 352 ) 
4 39 54 (-256 448 192 ) (-256 384 192 ) (-256 384 352 ) (-256 448 352 ) 
4 39 50 (-256 1024 352 ) (-256 1024 192 ) (-256 448 192 ) (-256 448 352 ) 
4 39 40 (-84 1024 192 ) (-80 1024 192 ) (-80 56 192 ) (-84 56 192 ) 
4 39 41 (-256 0 192 ) (-256 1024 192 ) (-84 1024 192 ) (-84 0 192 ) 
4 40 47 (-80 176 96 ) (-80 56 96 ) (-84 56 96 ) (-84 176 96 ) 
4 40 45 (-80 704 96 ) (-80 192 96 ) (-84 192 96 ) (-84 704 96 ) 
4 40 42 (-84 1024 96 ) (-80 1024 96 ) (-80 896 96 ) (-84 896 96 ) 
4 40 43 (-80 864 96 ) (-80 704 96 ) (-84 704 96 ) (-84 864 96 ) 
4 40 41 (-84 1024 96 ) (-84 56 96 ) (-84 56 192 ) (-84 1024 192 ) 
4 41 59 (-256 64 96 ) (-256 0 96 ) (-256 0 128 ) (-256 64 128 ) 
4 41 58 (-256 128 120 ) (-256 128 128 ) (-256 192 128 ) (-256 192 120 ) 
4 41 57 (-256 256 120 ) (-256 256 128 ) (-256 320 128 ) (-256 320 120 ) 
4 41 56 (-256 0 128 ) (-256 0 192 ) (-256 320 192 ) (-256 320 128 ) 
4 41 55 (-256 320 128 ) (-256 320 192 ) (-256 384 192 ) (-256 384 128 ) 
4 41 54 (-256 384 120 ) (-256 384 192 ) (-256 448 192 ) (-256 448 120 ) 
4 41 53 (-256 688 96 ) (-256 512 96 ) (-256 512 168 ) (-256 688 168 ) 
4 41 52 (-256 704 96 ) (-256 688 96 ) (-256 688 168 ) (-256 704 168 ) 
4 41 51 (-256 1024 168 ) (-256 1024 96 ) (-256 704 96 ) (-256 704 168 ) 
4 41 50 (-256 1024 192 ) (-256 1024 168 ) (-256 448 168 ) (-256 448 192 ) 
4 41 49 (-256 0 96 ) (-256 56 96 ) (-84 56 96 ) (-84 0 96 ) 
4 41 47 (-84 176 96 ) (-84 56 96 ) (-152 56 96 ) (-152 176 96 ) 
4 41 48 (-256 56 96 ) (-256 192 96 ) (-152 192 96 ) (-152 56 96 ) 
4 41 46 (-256 192 96 ) (-256 688 96 ) (-160 688 96 ) (-160 192 96 ) 
4 41 45 (-160 704 96 ) (-84 704 96 ) (-84 192 96 ) (-160 192 96 ) 
4 41 42 (-192 1024 96 ) (-84 1024 96 ) (-84 896 96 ) (-192 896 96 ) 
4 41 43 (-84 864 96 ) (-84 704 96 ) (-192 704 96 ) (-192 864 96 ) 
4 41 44 (-256 704 96 ) (-256 1024 96 ) (-192 1024 96 ) (-192 704 96 ) 
4 42 44 (-192 1024 0 ) (-192 896 0 ) (-192 896 96 ) (-192 1024 96 ) 
4 43 45 (-80 704 0 ) (-80 704 96 ) (-160 704 96 ) (-160 704 0 ) 
4 43 44 (-192 864 0 ) (-192 704 0 ) (-192 704 96 ) (-192 864 96 ) 
4 44 64 (-256 1024 80 ) (-256 1024 0 ) (-256 704 0 ) (-256 704 80 ) 
4 44 51 (-256 1024 96 ) (-256 1024 80 ) (-256 704 80 ) (-256 704 96 ) 
4 45 48 (-152 192 96 ) (-160 192 96 ) (-160 192 0 ) (-152 192 0 ) 
4 45 46 (-160 688 0 ) (-160 192 0 ) (-160 192 96 ) (-160 688 96 ) 
4 46 53 (-256 512 96 ) (-256 688 96 ) (-256 688 80 ) (-256 512 80 ) 
4 46 48 (-160 192 96 ) (-256 192 96 ) (-256 192 0 ) (-160 192 0 ) 
4 47 49 (-84 56 96 ) (-152 56 96 ) (-152 56 0 ) (-84 56 0 ) 
4 47 48 (-152 176 0 ) (-152 56 0 ) (-152 56 96 ) (-152 176 96 ) 
4 48 59 (-256 56 80 ) (-256 56 96 ) (-256 64 96 ) (-256 64 80 ) 
4 48 49 (-152 56 96 ) (-256 56 96 ) (-256 56 0 ) (-152 56 0 ) 
4 49 59 (-256 0 80 ) (-256 0 96 ) (-256 56 96 ) (-256 56 80 ) 
4 50 61 (-264 704 168 ) (-264 688 168 ) (-264 688 352 ) (-264 704 352 ) 
4 50 60 (-264 1024 352 ) (-264 1024 168 ) (-264 704 168 ) (-264 704 352 ) 
4 50 62 (-264 688 168 ) (-264 448 168 ) (-264 448 352 ) (-264 688 352 ) 
4 50 54 (-264 448 352 ) (-264 448 168 ) (-256 448 168 ) (-256 448 352 ) 
4 50 53 (-264 512 168 ) (-264 688 168 ) (-256 688 168 ) (-256 512 168 ) 
4 50 52 (-264 688 168 ) (-264 704 168 ) (-256 704 168 ) (-256 688 168 ) 
4 50 51 (-264 704 168 ) (-264 1024 168 ) (-256 1024 168 ) (-256 704 168 ) 
4 51 64 (-264 1024 80 ) (-256 1024 80 ) (-256 704 80 ) (-264 704 80 ) 
4 51 60 (-264 1024 168 ) (-264 1024 80 ) (-264 704 80 ) (-264 704 168 ) 
4 51 52 (-256 704 168 ) (-264 704 168 ) (-264 704 96 ) (-256 704 96 ) 
4 52 61 (-264 688 96 ) (-264 688 168 ) (-264 704 168 ) (-264 704 96 ) 
4 52 53 (-256 688 168 ) (-264 688 168 ) (-264 688 96 ) (-256 688 96 ) 
4 53 62 (-264 688 80 ) (-264 512 80 ) (-264 512 168 ) (-264 688 168 ) 
4 54 62 (-264 384 120 ) (-264 384 352 ) (-264 448 352 ) (-264 448 120 ) 
4 54 55 (-264 384 352 ) (-264 384 128 ) (-256 384 128 ) (-256 384 352 ) 
4 55 62 (-264 320 128 ) (-264 320 352 ) (-264 384 352 ) (-264 384 128 ) 
4 55 56 (-264 320 352 ) (-264 320 128 ) (-256 320 128 ) (-256 320 352 ) 
4 56 110 (-264 0 352 ) (-264 0 192 ) (-256 0 192 ) (-256 0 352 ) 
4 56 62 (-264 0 128 ) (-264 0 352 ) (-264 320 352 ) (-264 320 128 ) 
4 56 59 (-264 0 128 ) (-264 64 128 ) (-256 64 128 ) (-256 0 128 ) 
4 56 58 (-264 128 128 ) (-264 192 128 ) (-256 192 128 ) (-256 128 128 ) 
4 56 57 (-264 256 128 ) (-264 320 128 ) (-256 320 128 ) (-256 256 128 ) 
4 57 62 (-264 256 120 ) (-264 256 128 ) (-264 320 128 ) (-264 320 120 ) 
4 58 62 (-264 128 120 ) (-264 128 128 ) (-264 192 128 ) (-264 192 120 ) 
4 59 62 (-264 64 80 ) (-264 0 80 ) (-264 0 128 ) (-264 64 128 ) 
4 60 64 (-362 1024 80 ) (-264 1024 80 ) (-264 704 80 ) (-362 704 80 ) 
4 60 63 (-384 704 256 ) (-396 704 352 ) (-396 1024 352 ) (-384 1024 256 ) 
4 60 61 (-396 704 352 ) (-364 704 96 ) (-264 704 96 ) (-264 704 352 ) 
4 61 63 (-384 688 256 ) (-396 688 352 ) (-396 704 352 ) (-384 704 256 ) 
4 61 62 (-396 688 352 ) (-364 688 96 ) (-264 688 96 ) (-264 688 352 ) 
4 62 110 (-264 0 192 ) (-264 0 352 ) (-396 0 352 ) (-376 0 192 ) 
4 62 63 (-384 0 256 ) (-396 0 352 ) (-396 688 352 ) (-384 688 256 ) 
4 63 128 (-384 0 256 ) (-396 0 352 ) (-416 0 352 ) (-416 0 256 ) 
4 65 76 (264 -512 80 ) (264 -688 80 ) (264 -688 352 ) (264 -512 352 ) 
4 65 75 (264 -512 168 ) (264 -512 352 ) (264 -448 352 ) (264 -448 168 ) 
4 65 74 (264 -448 120 ) (264 -448 352 ) (264 -384 352 ) (264 -384 120 ) 
4 65 73 (264 -384 128 ) (264 -384 352 ) (264 -320 352 ) (264 -320 128 ) 
4 65 72 (264 -320 120 ) (264 -320 128 ) (264 -256 128 ) (264 -256 120 ) 
4 65 71 (264 -192 120 ) (264 -192 128 ) (264 -128 128 ) (264 -128 120 ) 
4 65 70 (264 0 128 ) (264 0 80 ) (264 -64 80 ) (264 -64 128 ) 
4 65 69 (264 0 352 ) (264 0 128 ) (264 -320 128 ) (264 -320 352 ) 
4 65 68 (384 0 256 ) (396 0 352 ) (396 -688 352 ) (384 -688 256 ) 
4 65 66 (364 -688 96 ) (396 -688 352 ) (264 -688 352 ) (264 -688 96 ) 
4 66 77 (264 -704 96 ) (264 -704 352 ) (264 -688 352 ) (264 -688 96 ) 
4 66 68 (384 -688 256 ) (396 -688 352 ) (396 -704 352 ) (384 -704 256 ) 
4 66 67 (364 -704 96 ) (396 -704 352 ) (264 -704 352 ) (264 -704 96 ) 
4 67 104 (396 -1024 352 ) (264 -1024 352 ) (264 -1024 256 ) (384 -1024 256 ) 
4 67 79 (362 -1024 80 ) (264 -1024 80 ) (264 -704 80 ) (362 -704 80 ) 
4 67 78 (264 -704 80 ) (264 -1024 80 ) (264 -1024 352 ) (264 -704 352 ) 
4 67 68 (384 -704 256 ) (396 -704 352 ) (396 -1024 352 ) (384 -1024 256 ) 
4 68 104 (416 -1024 352 ) (396 -1024 352 ) (384 -1024 256 ) (416 -1024 256 ) 
4 69 81 (256 0 192 ) (256 0 128 ) (256 -320 128 ) (256 -320 192 ) 
4 69 80 (256 0 352 ) (256 0 192 ) (256 -320 192 ) (256 -320 352 ) 
4 69 73 (256 -320 352 ) (256 -320 128 ) (264 -320 128 ) (264 -320 352 ) 
4 69 72 (264 -320 128 ) (256 -320 128 ) (256 -256 128 ) (264 -256 128 ) 
4 69 71 (256 -192 128 ) (256 -128 128 ) (264 -128 128 ) (264 -192 128 ) 
4 69 70 (256 -64 128 ) (256 0 128 ) (264 0 128 ) (264 -64 128 ) 
4 70 84 (256 -56 80 ) (256 -64 80 ) (256 -64 96 ) (256 -56 96 ) 
4 70 83 (256 0 96 ) (256 0 80 ) (256 -56 80 ) (256 -56 96 ) 
4 70 81 (256 0 128 ) (256 0 96 ) (256 -64 96 ) (256 -64 128 ) 
4 71 81 (256 -192 120 ) (256 -192 128 ) (256 -128 128 ) (256 -128 120 ) 
4 72 81 (256 -320 120 ) (256 -320 128 ) (256 -256 128 ) (256 -256 120 ) 
4 73 81 (256 -384 128 ) (256 -384 192 ) (256 -320 192 ) (256 -320 128 ) 
4 73 80 (256 -384 192 ) (256 -384 352 ) (256 -320 352 ) (256 -320 192 ) 
4 73 74 (256 -384 352 ) (256 -384 128 ) (264 -384 128 ) (264 -384 352 ) 
4 74 81 (256 -448 120 ) (256 -448 192 ) (256 -384 192 ) (256 -384 120 ) 
4 74 80 (256 -448 192 ) (256 -448 352 ) (256 -384 352 ) (256 -384 192 ) 
4 74 75 (256 -448 352 ) (256 -448 168 ) (264 -448 168 ) (264 -448 352 ) 
4 75 81 (256 -512 168 ) (256 -512 192 ) (256 -448 192 ) (256 -448 168 ) 
4 75 80 (256 -512 192 ) (256 -512 352 ) (256 -448 352 ) (256 -448 192 ) 
4 75 76 (264 -512 168 ) (264 -512 352 ) (256 -512 352 ) (256 -512 168 ) 
4 76 84 (256 -512 80 ) (256 -688 80 ) (256 -688 96 ) (256 -512 96 ) 
4 76 81 (256 -688 96 ) (256 -688 192 ) (256 -512 192 ) (256 -512 96 ) 
4 76 80 (256 -688 192 ) (256 -688 352 ) (256 -512 352 ) (256 -512 192 ) 
4 76 77 (264 -688 96 ) (264 -688 352 ) (256 -688 352 ) (256 -688 96 ) 
4 77 81 (256 -704 96 ) (256 -704 192 ) (256 -688 192 ) (256 -688 96 ) 
4 77 80 (256 -704 192 ) (256 -704 352 ) (256 -688 352 ) (256 -688 192 ) 
4 77 78 (264 -704 96 ) (264 -704 352 ) (256 -704 352 ) (256 -704 96 ) 
4 78 104 (256 -1024 352 ) (256 -1024 256 ) (264 -1024 256 ) (264 -1024 352 ) 
4 78 88 (256 -704 80 ) (256 -1024 80 ) (256 -1024 96 ) (256 -704 96 ) 
4 78 81 (256 -1024 96 ) (256 -1024 192 ) (256 -704 192 ) (256 -704 96 ) 
4 78 80 (256 -1024 192 ) (256 -1024 352 ) (256 -704 352 ) (256 -704 192 ) 
4 78 79 (264 -1024 80 ) (256 -1024 80 ) (256 -704 80 ) (264 -704 80 ) 
4 79 88 (256 -704 0 ) (256 -1024 0 ) (256 -1024 80 ) (256 -704 80 ) 
4 80 104 (80 -1024 352 ) (80 -1024 256 ) (256 -1024 256 ) (256 -1024 352 ) 
4 80 102 (80 -912 352 ) (80 -896 352 ) (80 -896 192 ) (80 -912 192 ) 
4 80 103 (80 -1024 192 ) (80 -1024 352 ) (80 -912 352 ) (80 -912 192 ) 
4 80 101 (80 -896 352 ) (80 -880 352 ) (80 -880 192 ) (80 -896 192 ) 
4 80 100 (80 -880 352 ) (80 -864 352 ) (80 -864 192 ) (80 -880 192 ) 
4 80 99 (80 -864 352 ) (80 -192 352 ) (80 -192 192 ) (80 -864 192 ) 
4 80 97 (80 -192 352 ) (80 -176 352 ) (80 -176 192 ) (80 -192 192 ) 
4 80 91 (80 -56 352 ) (80 0 352 ) (80 0 192 ) (80 -56 192 ) 
4 80 92 (80 -176 352 ) (80 -56 352 ) (80 -56 192 ) (80 -176 192 ) 
4 80 82 (80 -1024 192 ) (80 -56 192 ) (84 -56 192 ) (84 -1024 192 ) 
4 80 81 (84 0 192 ) (256 0 192 ) (256 -1024 192 ) (84 -1024 192 ) 
4 81 89 (84 -864 96 ) (84 -704 96 ) (192 -704 96 ) (192 -864 96 ) 
4 81 90 (192 -1024 96 ) (84 -1024 96 ) (84 -896 96 ) (192 -896 96 ) 
4 81 88 (256 -704 96 ) (256 -1024 96 ) (192 -1024 96 ) (192 -704 96 ) 
4 81 87 (160 -704 96 ) (84 -704 96 ) (84 -688 96 ) (160 -688 96 ) 
4 81 85 (84 -176 96 ) (84 -56 96 ) (152 -56 96 ) (152 -176 96 ) 
4 81 86 (152 -688 96 ) (84 -688 96 ) (84 -192 96 ) (152 -192 96 ) 
4 81 84 (256 -56 96 ) (256 -688 96 ) (152 -688 96 ) (152 -56 96 ) 
4 81 83 (84 0 96 ) (256 0 96 ) (256 -56 96 ) (84 -56 96 ) 
4 81 82 (84 -56 96 ) (84 -1024 96 ) (84 -1024 192 ) (84 -56 192 ) 
4 82 102 (80 -912 192 ) (80 -896 192 ) (80 -896 96 ) (80 -912 96 ) 
4 82 103 (80 -1024 96 ) (80 -1024 192 ) (80 -912 192 ) (80 -912 96 ) 
4 82 101 (80 -896 192 ) (80 -880 192 ) (80 -880 96 ) (80 -896 96 ) 
4 82 100 (80 -880 192 ) (80 -864 192 ) (80 -864 96 ) (80 -880 96 ) 
4 82 99 (80 -864 192 ) (80 -192 192 ) (80 -192 96 ) (80 -864 96 ) 
4 82 97 (80 -192 192 ) (80 -176 192 ) (80 -176 96 ) (80 -192 96 ) 
4 82 92 (80 -176 192 ) (80 -56 192 ) (80 -56 96 ) (80 -176 96 ) 
4 82 89 (80 -864 96 ) (80 -704 96 ) (84 -704 96 ) (84 -864 96 ) 
4 82 90 (80 -1024 96 ) (80 -896 96 ) (84 -896 96 ) (84 -1024 96 ) 
4 82 87 (80 -704 96 ) (80 -688 96 ) (84 -688 96 ) (84 -704 96 ) 
4 82 85 (80 -176 96 ) (80 -56 96 ) (84 -56 96 ) (84 -176 96 ) 
4 82 86 (80 -688 96 ) (80 -192 96 ) (84 -192 96 ) (84 -688 96 ) 
4 83 85 (152 -56 96 ) (84 -56 96 ) (84 -56 0 ) (152 -56 0 ) 
4 83 84 (256 -56 0 ) (256 -56 96 ) (152 -56 96 ) (152 -56 0 ) 
4 84 87 (160 -688 96 ) (152 -688 96 ) (152 -688 0 ) (160 -688 0 ) 
4 84 85 (152 -56 96 ) (152 -56 0 ) (152 -176 0 ) (152 -176 96 ) 
4 84 86 (152 -192 0 ) (152 -688 0 ) (152 -688 96 ) (152 -192 96 ) 
4 85 92 (80 -56 0 ) (80 -176 0 ) (80 -176 96 ) (80 -56 96 ) 
4 86 99 (80 -192 0 ) (80 -688 0 ) (80 -688 96 ) (80 -192 96 ) 
4 86 87 (152 -688 96 ) (80 -688 96 ) (80 -688 0 ) (152 -688 0 ) 
4 87 99 (80 -688 0 ) (80 -704 0 ) (80 -704 96 ) (80 -688 96 ) 
4 87 89 (160 -704 96 ) (80 -704 96 ) (80 -704 0 ) (160 -704 0 ) 
4 88 89 (192 -704 96 ) (192 -704 0 ) (192 -864 0 ) (192 -864 96 ) 
4 88 90 (192 -896 0 ) (192 -1024 0 ) (192 -1024 96 ) (192 -896 96 ) 
4 89 99 (80 -704 0 ) (80 -864 0 ) (80 -864 96 ) (80 -704 96 ) 
4 90 102 (80 -912 16 ) (80 -912 96 ) (80 -896 96 ) (80 -896 16 ) 
4 90 103 (80 -912 0 ) (80 -1024 0 ) (80 -1024 96 ) (80 -912 96 ) 
4 91 92 (76 -56 352 ) (76 -56 192 ) (80 -56 192 ) (80 -56 352 ) 
4 91 93 (76 -56 192 ) (76 -56 352 ) (76 0 352 ) (76 0 192 ) 
4 92 97 (80 -176 96 ) (80 -176 352 ) (76 -176 352 ) (76 -176 96 ) 
4 92 93 (76 -56 0 ) (76 -176 0 ) (76 -176 352 ) (76 -56 352 ) 
4 93 97 (76 -176 96 ) (76 -176 352 ) (48 -176 352 ) (48 -176 96 ) 
4 93 95 (48 -176 96 ) (48 -176 352 ) (48 -100 352 ) (48 -100 96 ) 
4 93 94 (48 0 0 ) (48 -100 0 ) (48 -100 352 ) (48 0 352 ) 
4 94 95 (32 -100 352 ) (32 -100 96 ) (48 -100 96 ) (48 -100 352 ) 
4 94 96 (32 0 0 ) (32 -100 0 ) (32 -100 352 ) (32 0 352 ) 
4 95 97 (48 -176 96 ) (48 -176 352 ) (32 -176 352 ) (32 -176 96 ) 
4 95 96 (32 -176 96 ) (32 -176 352 ) (32 -100 352 ) (32 -100 96 ) 
4 96 105 (0 0 352 ) (0 0 0 ) (0 -176 0 ) (0 -176 352 ) 
4 96 98 (0 -176 0 ) (32 -176 0 ) (32 -176 352 ) (0 -176 352 ) 
4 97 99 (80 -192 96 ) (80 -192 352 ) (32 -192 352 ) (32 -192 96 ) 
4 97 98 (32 -192 96 ) (32 -192 352 ) (32 -176 352 ) (32 -176 96 ) 
4 98 105 (0 -176 0 ) (0 -192 0 ) (0 -192 352 ) (0 -176 352 ) 
4 98 99 (0 -192 0 ) (32 -192 0 ) (32 -192 352 ) (0 -192 352 ) 
4 99 105 (0 -192 0 ) (0 -864 0 ) (0 -864 352 ) (0 -192 352 ) 
4 99 100 (80 -864 88 ) (80 -864 352 ) (0 -864 352 ) (0 -864 88 ) 
4 100 106 (0 -880 88 ) (0 -880 352 ) (0 -864 352 ) (0 -864 88 ) 
4 100 101 (0 -880 352 ) (0 -880 88 ) (80 -880 88 ) (80 -880 352 ) 
4 101 107 (0 -896 32 ) (0 -896 352 ) (0 -880 352 ) (0 -880 32 ) 
4 101 102 (80 -896 32 ) (80 -896 352 ) (0 -896 352 ) (0 -896 32 ) 
4 102 108 (0 -912 16 ) (0 -912 352 ) (0 -896 352 ) (0 -896 16 ) 
4 102 103 (80 -912 16 ) (80 -912 352 ) (0 -912 352 ) (0 -912 16 ) 
4 103 109 (0 -912 0 ) (0 -1024 0 ) (0 -1024 352 ) (0 -912 352 ) 
4 103 104 (0 -1024 352 ) (0 -1024 256 ) (80 -1024 256 ) (80 -1024 352 ) 
4 104 129 (0 -1056 256 ) (0 -1056 352 ) (0 -1024 352 ) (0 -1024 256 ) 
4 105 124 (-32 -736 0 ) (-32 -864 0 ) (-32 -864 352 ) (-32 -736 352 ) 
4 105 119 (-32 -704 0 ) (-32 -736 0 ) (-32 -736 352 ) (-32 -704 352 ) 
4 105 118 (-32 -576 0 ) (-32 -704 0 ) (-32 -704 96 ) (-32 -576 96 ) 
4 105 113 (-32 -32 0 ) (-32 -576 0 ) (-32 -576 96 ) (-32 -32 96 ) 
4 105 112 (-32 -704 96 ) (-32 -704 352 ) (-32 -32 352 ) (-32 -32 96 ) 
4 105 111 (-32 0 192 ) (-32 0 0 ) (-32 -32 0 ) (-32 -32 192 ) 
4 105 110 (-32 0 352 ) (-32 0 192 ) (-32 -32 192 ) (-32 -32 352 ) 
4 105 106 (0 -864 352 ) (-32 -864 352 ) (-32 -864 88 ) (0 -864 88 ) 
4 106 125 (-32 -880 96 ) (-32 -880 352 ) (-32 -864 352 ) (-32 -864 96 ) 
4 106 107 (-32 -880 352 ) (-32 -880 88 ) (0 -880 88 ) (0 -880 352 ) 
4 107 125 (-32 -896 96 ) (-32 -896 352 ) (-32 -880 352 ) (-32 -880 96 ) 
4 107 108 (-32 -896 352 ) (-32 -896 32 ) (0 -896 32 ) (0 -896 352 ) 
4 108 126 (-32 -912 16 ) (-32 -912 352 ) (-32 -896 352 ) (-32 -896 16 ) 
4 108 109 (0 -912 352 ) (-32 -912 352 ) (-32 -912 16 ) (0 -912 16 ) 
4 109 129 (0 -1024 256 ) (0 -1024 352 ) (-32 -1024 352 ) (-32 -1024 256 ) 
4 109 126 (-32 -912 0 ) (-32 -1024 0 ) (-32 -1024 352 ) (-32 -912 352 ) 
4 110 128 (-384 -32 256 ) (-396 -32 352 ) (-396 0 352 ) (-384 0 256 ) 
4 110 112 (-396 -32 352 ) (-376 -32 192 ) (-32 -32 192 ) (-32 -32 352 ) 
4 110 111 (-32 -32 192 ) (-76 -32 192 ) (-76 0 192 ) (-32 0 192 ) 
4 111 114 (-76 -32 0 ) (-40 -32 0 ) (-40 -32 96 ) (-76 -32 96 ) 
4 111 113 (-40 -32 0 ) (-32 -32 0 ) (-32 -32 96 ) (-40 -32 96 ) 
4 111 112 (-32 -32 96 ) (-32 -32 192 ) (-76 -32 192 ) (-76 -32 96 ) 
4 112 128 (-384 -704 256 ) (-396 -704 352 ) (-396 -32 352 ) (-384 -32 256 ) 
3 112 123 (-370 -704 144 ) (-368 -704 128 ) (-368 -704 144 ) 
5 112 122 (-368 -704 128 ) (-364 -704 96 ) (-352 -704 96 ) (-352 -704 144 ) (-368 -704 144 ) 
4 112 121 (-352 -704 96 ) (-347 -704 96 ) (-347 -704 144 ) (-352 -704 144 ) 
4 112 120 (-396 -704 352 ) (-370 -704 144 ) (-347 -704 144 ) (-347 -704 352 ) 
4 112 119 (-347 -704 96 ) (-32 -704 96 ) (-32 -704 352 ) (-347 -704 352 ) 
4 112 118 (-32 -704 96 ) (-160 -704 96 ) (-160 -576 96 ) (-32 -576 96 ) 
4 112 117 (-256 -32 96 ) (-112 -32 96 ) (-112 -576 96 ) (-256 -576 96 ) 
4 112 115 (-40 -264 96 ) (-40 -320 96 ) (-112 -320 96 ) (-112 -264 96 ) 
4 112 114 (-112 -32 96 ) (-40 -32 96 ) (-40 -264 96 ) (-112 -264 96 ) 
4 112 116 (-40 -320 96 ) (-40 -576 96 ) (-112 -576 96 ) (-112 -320 96 ) 
4 112 113 (-40 -32 96 ) (-32 -32 96 ) (-32 -576 96 ) (-40 -576 96 ) 
4 113 118 (-32 -576 96 ) (-40 -576 96 ) (-40 -576 0 ) (-32 -576 0 ) 
4 113 115 (-40 -320 96 ) (-40 -264 96 ) (-40 -264 80 ) (-40 -320 80 ) 
4 113 114 (-40 -264 96 ) (-40 -32 96 ) (-40 -32 0 ) (-40 -264 0 ) 
4 113 116 (-40 -576 0 ) (-40 -576 96 ) (-40 -320 96 ) (-40 -320 0 ) 
4 114 117 (-112 -264 96 ) (-112 -32 96 ) (-112 -32 0 ) (-112 -264 0 ) 
4 114 115 (-112 -264 96 ) (-112 -264 80 ) (-40 -264 80 ) (-40 -264 96 ) 
4 115 117 (-112 -320 96 ) (-112 -264 96 ) (-112 -264 80 ) (-112 -320 80 ) 
4 115 116 (-112 -320 96 ) (-112 -320 80 ) (-40 -320 80 ) (-40 -320 96 ) 
4 116 118 (-40 -576 96 ) (-112 -576 96 ) (-112 -576 0 ) (-40 -576 0 ) 
4 116 117 (-112 -576 0 ) (-112 -576 96 ) (-112 -320 96 ) (-112 -320 0 ) 
4 117 118 (-112 -576 96 ) (-160 -576 96 ) (-160 -576 0 ) (-112 -576 0 ) 
4 118 119 (-160 -704 0 ) (-32 -704 0 ) (-32 -704 96 ) (-160 -704 96 ) 
4 119 124 (-32 -736 352 ) (-192 -736 352 ) (-192 -736 0 ) (-32 -736 0 ) 
4 119 127 (-192 -736 352 ) (-347 -736 352 ) (-347 -736 0 ) (-192 -736 0 ) 
4 119 121 (-347 -736 0 ) (-347 -736 144 ) (-347 -704 144 ) (-347 -704 0 ) 
4 119 120 (-347 -736 144 ) (-347 -736 352 ) (-347 -704 352 ) (-347 -704 144 ) 
4 120 128 (-384 -736 256 ) (-396 -736 352 ) (-396 -704 352 ) (-384 -704 256 ) 
4 120 127 (-347 -736 352 ) (-396 -736 352 ) (-370 -736 144 ) (-347 -736 144 ) 
4 120 123 (-370.003906 -704 144 ) (-368 -704 144 ) (-368 -736 144 ) (-370 -736 144 ) 
4 120 122 (-368 -704 144 ) (-352 -704 144 ) (-352 -736 144 ) (-368 -736 144 ) 
4 120 121 (-352 -704 144 ) (-347 -704 144 ) (-347 -736 144 ) (-352 -736 144 ) 
4 121 127 (-352 -736 0 ) (-347 -736 0 ) (-347 -736 144 ) (-352 -736 144 ) 
4 121 122 (-352 -736 0 ) (-352 -736 144 ) (-352 -704 144 ) (-352 -704 0 ) 
4 122 127 (-368 -736 128 ) (-352 -736 0 ) (-352 -736 144 ) (-368 -736 144 ) 
4 122 123 (-368 -736 128 ) (-368 -736 144 ) (-368 -704 144 ) (-368 -704 128 ) 
3 123 127 (-370 -736 144 ) (-368 -736 128 ) (-368 -736 144 ) 
4 124 125 (-192 -864 352 ) (-192 -864 96 ) (-32 -864 96 ) (-32 -864 352 ) 
4 124 127 (-192 -736 352 ) (-192 -736 0 ) (-192 -864 0 ) (-192 -864 352 ) 
4 125 127 (-192 -896 96 ) (-192 -896 352 ) (-192 -864 352 ) (-192 -864 96 ) 
4 125 126 (-192 -896 352 ) (-192 -896 96 ) (-32 -896 96 ) (-32 -896 352 ) 
4 126 129 (-32 -1024 256 ) (-32 -1024 352 ) (-192 -1024 352 ) (-192 -1024 256 ) 
4 126 127 (-192 -896 0 ) (-192 -1024 0 ) (-192 -1024 352 ) (-192 -896 352 ) 
4 127 129 (-396 -1024 352 ) (-384 -1024 256 ) (-192 -1024 256 ) (-192 -1024 352 ) 
4 127 128 (-384 -1024 256 ) (-396 -1024 352 ) (-396 -736 352 ) (-384 -736 256 ) 
4 128 129 (-384 -1024 256 ) (-396 -1024 352 ) (-416 -1024 352 ) (-416 -1024 256 ) 
