PRT1
138
485
4 0 26 (0 1024 256 ) (0 1024 352 ) (0 1056 352 ) (0 1056 256 ) 
4 0 20 (0 1024 352 ) (0 1024 256 ) (32 1024 256 ) (32 1024 352 ) 
4 0 19 (384 1024 256 ) (416 1024 256 ) (416 1024 352 ) (396 1024 352 ) 
4 0 1 (32 1024 256 ) (384 1024 256 ) (396 1024 352 ) (32 1024 352 ) 
4 1 23 (32 880 144 ) (32 704 144 ) (32 704 352 ) (32 880 352 ) 
4 1 22 (32 896 144 ) (32 880 144 ) (32 880 352 ) (32 896 352 ) 
4 1 21 (32 912 144 ) (32 896 144 ) (32 896 352 ) (32 912 352 ) 
4 1 20 (32 1024 352 ) (32 1024 144 ) (32 912 144 ) (32 912 352 ) 
4 1 19 (384 1024 256 ) (396 1024 352 ) (396 704 352 ) (384 704 256 ) 
4 1 10 (32 704 352 ) (32 704 144 ) (370 704 144 ) (396 704 352 ) 
4 1 8 (32 864 144 ) (32 896 144 ) (192 896 144 ) (192 864 144 ) 
4 1 7 (32 896 144 ) (32 1024 144 ) (192 1024 144 ) (192 896 144 ) 
4 1 9 (192 704 144 ) (32 704 144 ) (32 864 144 ) (192 864 144 ) 
4 1 4 (368 704 144 ) (352 704 144 ) (352 736 144 ) (368 736 144 ) 
4 1 3 (369.996094 704 144 ) (368 704 144 ) (368 736 144 ) (369.996094 736 144 ) 
4 1 5 (352 704 144 ) (348 704 144 ) (348 736 144 ) (352 736 144 ) 
4 1 6 (348 704 144 ) (192 704 144 ) (192 736 144 ) (348 736 144 ) 
4 1 2 (192 736 144 ) (192 1024 144 ) (369.996124 1024 144 ) (369.996094 736 144 ) 
4 2 25 (192 1024 0 ) (352 1024 0 ) (352 736 0 ) (192 736 0 ) 
4 2 8 (192 864 96 ) (192 864 144 ) (192 896 144 ) (192 896 96 ) 
4 2 7 (192 1024 0 ) (192 896 0 ) (192 896 144 ) (192 1024 144 ) 
4 2 9 (192 864 0 ) (192 736 0 ) (192 736 144 ) (192 864 144 ) 
4 2 4 (352 736 0 ) (368 736 128 ) (368 736 144 ) (352 736 144 ) 
3 2 3 (368 736 128 ) (370 736 144 ) (368 736 144 ) 
4 2 5 (348 736 0 ) (352 736 0 ) (352 736 144 ) (348 736 144 ) 
4 2 6 (192 736 144 ) (192 736 0 ) (348 736 0 ) (348 736 144 ) 
3 3 10 (368 704 128 ) (370 704 144 ) (368 704 144 ) 
4 3 4 (368 736 144 ) (368 736 128 ) (368 704 128 ) (368 704 144 ) 
5 4 10 (364 704 96 ) (368 704 128 ) (368 704 144 ) (352 704 144 ) (352 704 96 ) 
4 4 5 (352 736 144 ) (352 736 0 ) (352 704 0 ) (352 704 144 ) 
4 5 25 (352 736 0 ) (352 704 0 ) (348 704 0 ) (348 736 0 ) 
4 5 10 (352 704 96 ) (352 704 144 ) (348 704 144 ) (348 704 96 ) 
4 5 6 (348 736 144 ) (348 736 0 ) (348 704 0 ) (348 704 144 ) 
4 6 25 (348 704 0 ) (192 704 0 ) (192 736 0 ) (348 736 0 ) 
4 6 10 (348 704 96 ) (348 704 144 ) (192 704 144 ) (192 704 96 ) 
4 6 9 (192 736 0 ) (192 704 0 ) (192 704 144 ) (192 736 144 ) 
4 7 25 (32 896 0 ) (32 1024 0 ) (192 1024 0 ) (192 896 0 ) 
4 7 21 (32 896 16 ) (32 896 144 ) (32 912 144 ) (32 912 16 ) 
4 7 20 (32 1024 144 ) (32 1024 0 ) (32 912 0 ) (32 912 144 ) 
4 7 8 (192 896 96 ) (192 896 144 ) (32 896 144 ) (32 896 96 ) 
4 8 23 (32 864 96 ) (32 864 144 ) (32 880 144 ) (32 880 96 ) 
4 8 22 (32 880 144 ) (32 896 144 ) (32 896 96 ) (32 880 96 ) 
4 8 9 (192 864 96 ) (192 864 144 ) (32 864 144 ) (32 864 96 ) 
4 9 25 (32 704 0 ) (32 864 0 ) (192 864 0 ) (192 704 0 ) 
4 9 24 (32 864 0 ) (32 704 0 ) (32 704 88 ) (32 864 88 ) 
4 9 23 (32 704 88 ) (32 704 144 ) (32 864 144 ) (32 864 88 ) 
4 9 11 (32 704 96 ) (32 704 0 ) (160 704 0 ) (160 704 96 ) 
4 9 10 (32 704 144 ) (32 704 96 ) (192 704 96 ) (192 704 144 ) 
4 10 23 (32 32 96 ) (32 32 352 ) (32 704 352 ) (32 704 96 ) 
4 10 19 (384 704 256 ) (396 704 352 ) (396 32 352 ) (384 32 256 ) 
4 10 18 (32 32 192 ) (32 32 96 ) (76 32 96 ) (76 32 192 ) 
4 10 17 (32 32 352 ) (32 32 192 ) (376 32 192 ) (396 32 352 ) 
4 10 14 (40 264 96 ) (40 320 96 ) (112 320 96 ) (112 264 96 ) 
4 10 13 (40 320 96 ) (40 576 96 ) (112 576 96 ) (112 320 96 ) 
4 10 15 (112 32 96 ) (40 32 96 ) (40 264 96 ) (112 264 96 ) 
4 10 12 (256 32 96 ) (112 32 96 ) (112 576 96 ) (256 576 96 ) 
4 10 16 (40 32 96 ) (32 32 96 ) (32 576 96 ) (40 576 96 ) 
4 10 11 (32 576 96 ) (32 704 96 ) (160 704 96 ) (160 576 96 ) 
4 11 25 (32 576 0 ) (32 704 0 ) (160 704 0 ) (160 576 0 ) 
4 11 24 (32 704 0 ) (32 576 0 ) (32 576 88 ) (32 704 88 ) 
4 11 23 (32 576 88 ) (32 576 96 ) (32 704 96 ) (32 704 88 ) 
4 11 13 (112 576 96 ) (40 576 96 ) (40 576 0 ) (112 576 0 ) 
4 11 12 (160 576 96 ) (112 576 96 ) (112 576 0 ) (160 576 0 ) 
4 11 16 (40 576 96 ) (32 576 96 ) (32 576 0 ) (40 576 0 ) 
4 12 25 (112 576 0 ) (256 576 0 ) (256 32 0 ) (112 32 0 ) 
4 12 14 (112 264 80 ) (112 264 96 ) (112 320 96 ) (112 320 80 ) 
4 12 13 (112 576 96 ) (112 576 0 ) (112 320 0 ) (112 320 96 ) 
4 12 15 (112 264 0 ) (112 32 0 ) (112 32 96 ) (112 264 96 ) 
4 13 25 (40 576 0 ) (112 576 0 ) (112 320 0 ) (40 320 0 ) 
4 13 14 (40 320 96 ) (40 320 80 ) (112 320 80 ) (112 320 96 ) 
4 13 16 (40 576 96 ) (40 576 0 ) (40 320 0 ) (40 320 96 ) 
4 14 16 (40 264 80 ) (40 264 96 ) (40 320 96 ) (40 320 80 ) 
4 14 15 (40 264 96 ) (40 264 80 ) (112 264 80 ) (112 264 96 ) 
4 15 25 (112 264 0 ) (112 32 0 ) (40 32 0 ) (40 264 0 ) 
4 15 18 (40 32 0 ) (76 32 0 ) (76 32 96 ) (40 32 96 ) 
4 15 16 (40 264 0 ) (40 32 0 ) (40 32 96 ) (40 264 96 ) 
4 16 25 (32 32 0 ) (32 576 0 ) (40 576 0 ) (40 32 0 ) 
4 16 24 (32 576 0 ) (32 32 0 ) (32 32 88 ) (32 576 88 ) 
4 16 23 (32 32 88 ) (32 32 96 ) (32 576 96 ) (32 576 88 ) 
4 16 18 (32 32 96 ) (32 32 0 ) (40 32 0 ) (40 32 96 ) 
4 17 100 (32 0 352 ) (32 0 192 ) (48 0 192 ) (48 0 352 ) 
4 17 97 (76 0 192 ) (80 0 192 ) (80 0 352 ) (76 0 352 ) 
4 17 99 (48 0 192 ) (76 0 192 ) (76 0 352 ) (48 0 352 ) 
4 17 84 (80 0 192 ) (256 0 192 ) (256 0 352 ) (80 0 352 ) 
4 17 73 (256 0 192 ) (264 0 192 ) (264 0 352 ) (256 0 352 ) 
4 17 69 (264 0 192 ) (376 0 192 ) (396 0 352 ) (264 0 352 ) 
4 17 23 (32 0 192 ) (32 0 352 ) (32 32 352 ) (32 32 192 ) 
4 17 19 (384 32 256 ) (396 32 352 ) (396 0 352 ) (384 0 256 ) 
4 17 18 (32 0 192 ) (32 32 192 ) (76 32 192 ) (76 0 192 ) 
4 18 100 (32 0 192 ) (32 0 0 ) (48 0 0 ) (48 0 192 ) 
4 18 99 (48 0 0 ) (76 0 0 ) (76 0 192 ) (48 0 192 ) 
4 18 25 (76 0 0 ) (32 0 0 ) (32 32 0 ) (76 32 0 ) 
4 18 24 (32 32 0 ) (32 0 0 ) (32 0 88 ) (32 32 88 ) 
4 18 23 (32 0 88 ) (32 0 192 ) (32 32 192 ) (32 32 88 ) 
4 19 72 (416 0 352 ) (396 0 352 ) (384 0 256 ) (416 0 256 ) 
4 20 27 (0 1024 352 ) (0 1024 0 ) (0 912 0 ) (0 912 352 ) 
4 20 25 (0 912 0 ) (0 1024 0 ) (32 1024 0 ) (32 912 0 ) 
4 20 21 (32 912 16 ) (32 912 352 ) (0 912 352 ) (0 912 16 ) 
4 21 28 (0 896 16 ) (0 896 352 ) (0 912 352 ) (0 912 16 ) 
4 21 22 (32 896 32 ) (32 896 352 ) (0 896 352 ) (0 896 32 ) 
4 22 29 (0 896 352 ) (0 896 32 ) (0 880 32 ) (0 880 352 ) 
4 22 23 (0 880 352 ) (0 880 88 ) (32 880 88 ) (32 880 352 ) 
4 23 102 (0 0 352 ) (0 0 88 ) (32 0 88 ) (32 0 352 ) 
4 23 34 (0 0 88 ) (0 0 352 ) (0 176 352 ) (0 176 88 ) 
4 23 32 (0 176 352 ) (0 192 352 ) (0 192 88 ) (0 176 88 ) 
4 23 30 (0 864 352 ) (0 880 352 ) (0 880 88 ) (0 864 88 ) 
4 23 31 (0 192 352 ) (0 864 352 ) (0 864 88 ) (0 192 88 ) 
4 23 24 (32 864 88 ) (32 0 88 ) (0 0 88 ) (0 864 88 ) 
4 24 102 (0 0 88 ) (0 0 0 ) (32 0 0 ) (32 0 88 ) 
4 24 34 (0 0 0 ) (0 0 88 ) (0 176 88 ) (0 176 0 ) 
4 24 32 (0 176 88 ) (0 192 88 ) (0 192 0 ) (0 176 0 ) 
4 24 31 (0 192 88 ) (0 864 88 ) (0 864 0 ) (0 192 0 ) 
4 24 25 (32 0 0 ) (0 0 0 ) (0 864 0 ) (32 864 0 ) 
4 25 110 (352 0 0 ) (0 0 0 ) (0 0 -16 ) (352 0 -16 ) 
4 25 68 (0 0 -16 ) (0 0 0 ) (0 1024 0 ) (0 1024 -16 ) 
4 26 66 (-396 1024 352 ) (-416 1024 352 ) (-416 1024 256 ) (-384 1024 256 ) 
4 26 63 (-264 1024 352 ) (-396 1024 352 ) (-384 1024 256 ) (-264 1024 256 ) 
4 26 53 (-256 1024 352 ) (-264 1024 352 ) (-264 1024 256 ) (-256 1024 256 ) 
4 26 40 (-80 1024 352 ) (-256 1024 352 ) (-256 1024 256 ) (-80 1024 256 ) 
4 26 27 (0 1024 256 ) (0 1024 352 ) (-80 1024 352 ) (-80 1024 256 ) 
4 27 68 (-80 912 0 ) (-80 1024 0 ) (0 1024 0 ) (0 912 0 ) 
4 27 41 (-80 1024 0 ) (-80 912 0 ) (-80 912 96 ) (-80 1024 96 ) 
4 27 40 (-80 912 96 ) (-80 912 352 ) (-80 1024 352 ) (-80 1024 96 ) 
4 27 28 (0 912 352 ) (-80 912 352 ) (-80 912 16 ) (0 912 16 ) 
4 28 41 (-80 896 16 ) (-80 896 96 ) (-80 912 96 ) (-80 912 16 ) 
4 28 40 (-80 896 96 ) (-80 896 352 ) (-80 912 352 ) (-80 912 96 ) 
4 28 29 (-80 896 352 ) (-80 896 32 ) (0 896 32 ) (0 896 352 ) 
4 29 40 (-80 880 96 ) (-80 880 352 ) (-80 896 352 ) (-80 896 96 ) 
4 29 30 (-80 880 352 ) (-80 880 88 ) (0 880 88 ) (0 880 352 ) 
4 30 40 (-80 864 96 ) (-80 864 352 ) (-80 880 352 ) (-80 880 96 ) 
4 30 31 (0 864 352 ) (-80 864 352 ) (-80 864 88 ) (0 864 88 ) 
4 31 68 (-80 192 0 ) (-80 864 0 ) (0 864 0 ) (0 192 0 ) 
4 31 46 (-80 688 0 ) (-80 192 0 ) (-80 192 192 ) (-80 688 192 ) 
4 31 45 (-80 192 192 ) (-80 192 352 ) (-80 688 352 ) (-80 688 192 ) 
4 31 44 (-80 704 0 ) (-80 688 0 ) (-80 688 96 ) (-80 704 96 ) 
4 31 42 (-80 864 0 ) (-80 704 0 ) (-80 704 96 ) (-80 864 96 ) 
4 31 40 (-80 688 96 ) (-80 688 352 ) (-80 864 352 ) (-80 864 96 ) 
4 31 33 (-32 192 352 ) (-80 192 352 ) (-80 192 96 ) (-32 192 96 ) 
4 31 32 (0 192 352 ) (-32 192 352 ) (-32 192 0 ) (0 192 0 ) 
4 32 68 (-32 192 0 ) (0 192 0 ) (0 176 0 ) (-32 176 0 ) 
4 32 34 (-32 176 0 ) (0 176 0 ) (0 176 352 ) (-32 176 352 ) 
4 32 33 (-32 192 352 ) (-32 192 96 ) (-32 176 96 ) (-32 176 352 ) 
4 33 47 (-80 176 96 ) (-80 176 192 ) (-80 192 192 ) (-80 192 96 ) 
4 33 45 (-80 176 192 ) (-80 176 352 ) (-80 192 352 ) (-80 192 192 ) 
4 33 38 (-80 176 352 ) (-80 176 96 ) (-76 176 96 ) (-76 176 352 ) 
4 33 37 (-76 176 96 ) (-48 176 96 ) (-48 176 352 ) (-76 176 352 ) 
4 33 35 (-48 176 96 ) (-32 176 96 ) (-32 176 352 ) (-48 176 352 ) 
4 34 112 (0 0 0 ) (0 0 352 ) (-32 0 352 ) (-32 0 0 ) 
4 34 68 (0 0 0 ) (-32 0 0 ) (-32 176 0 ) (0 176 0 ) 
4 34 35 (-32 100 352 ) (-32 176 352 ) (-32 176 96 ) (-32 100 96 ) 
4 34 36 (-32 0 352 ) (-32 100 352 ) (-32 100 0 ) (-32 0 0 ) 
4 35 37 (-48 100 352 ) (-48 176 352 ) (-48 176 96 ) (-48 100 96 ) 
4 35 36 (-48 100 352 ) (-48 100 96 ) (-32 100 96 ) (-32 100 352 ) 
4 36 118 (-48 0 192 ) (-48 0 0 ) (-32 0 0 ) (-32 0 192 ) 
4 36 117 (-32 0 352 ) (-48 0 352 ) (-48 0 192 ) (-32 0 192 ) 
4 36 68 (-32 0 0 ) (-48 0 0 ) (-48 100 0 ) (-32 100 0 ) 
4 36 37 (-48 0 352 ) (-48 100 352 ) (-48 100 0 ) (-48 0 0 ) 
4 37 118 (-76 0 192 ) (-76 0 0 ) (-48 0 0 ) (-48 0 192 ) 
4 37 117 (-48 0 352 ) (-76 0 352 ) (-76 0 192 ) (-48 0 192 ) 
4 37 68 (-48 0 0 ) (-76 0 0 ) (-76 176 0 ) (-48 176 0 ) 
4 37 39 (-76 0 352 ) (-76 56 352 ) (-76 56 192 ) (-76 0 192 ) 
4 37 38 (-76 56 352 ) (-76 176 352 ) (-76 176 0 ) (-76 56 0 ) 
4 38 68 (-80 56 0 ) (-80 176 0 ) (-76 176 0 ) (-76 56 0 ) 
4 38 49 (-80 176 0 ) (-80 56 0 ) (-80 56 192 ) (-80 176 192 ) 
4 38 45 (-80 56 192 ) (-80 56 352 ) (-80 176 352 ) (-80 176 192 ) 
4 38 39 (-76 56 192 ) (-76 56 352 ) (-80 56 352 ) (-80 56 192 ) 
4 39 117 (-76 0 352 ) (-80 0 352 ) (-80 0 192 ) (-76 0 192 ) 
4 39 45 (-80 0 192 ) (-80 0 352 ) (-80 56 352 ) (-80 56 192 ) 
4 40 55 (-256 704 96 ) (-256 688 96 ) (-256 688 168 ) (-256 704 168 ) 
4 40 54 (-256 1024 168 ) (-256 1024 96 ) (-256 704 96 ) (-256 704 168 ) 
4 40 53 (-256 1024 352 ) (-256 1024 168 ) (-256 688 168 ) (-256 688 352 ) 
4 40 51 (-256 688 192 ) (-256 688 96 ) (-255 688 96 ) (-255 688 192 ) 
4 40 46 (-152 688 96 ) (-80 688 96 ) (-80 688 192 ) (-152 688 192 ) 
4 40 48 (-255 688 96 ) (-152 688 96 ) (-152 688 192 ) (-255 688 192 ) 
4 40 45 (-256 688 352 ) (-256 688 192 ) (-80 688 192 ) (-80 688 352 ) 
4 40 44 (-80 688 96 ) (-160 688 96 ) (-160 704 96 ) (-80 704 96 ) 
4 40 41 (-192 1024 96 ) (-80 1024 96 ) (-80 896 96 ) (-192 896 96 ) 
4 40 42 (-80 864 96 ) (-80 704 96 ) (-192 704 96 ) (-192 864 96 ) 
4 40 43 (-256 704 96 ) (-256 1024 96 ) (-192 1024 96 ) (-192 704 96 ) 
4 41 68 (-192 1024 0 ) (-80 1024 0 ) (-80 896 0 ) (-192 896 0 ) 
4 41 43 (-192 1024 0 ) (-192 896 0 ) (-192 896 96 ) (-192 1024 96 ) 
4 42 68 (-80 864 0 ) (-80 704 0 ) (-192 704 0 ) (-192 864 0 ) 
4 42 44 (-80 704 0 ) (-80 704 96 ) (-160 704 96 ) (-160 704 0 ) 
4 42 43 (-192 864 0 ) (-192 704 0 ) (-192 704 96 ) (-192 864 96 ) 
4 43 68 (-256 704 0 ) (-256 1024 0 ) (-192 1024 0 ) (-192 704 0 ) 
4 43 67 (-256 1024 80 ) (-256 1024 0 ) (-256 704 0 ) (-256 704 80 ) 
4 43 54 (-256 1024 96 ) (-256 1024 80 ) (-256 704 80 ) (-256 704 96 ) 
4 44 68 (-160 704 0 ) (-80 704 0 ) (-80 688 0 ) (-160 688 0 ) 
4 44 46 (-152 688 0 ) (-80 688 0 ) (-80 688 96 ) (-152 688 96 ) 
4 44 48 (-160 688 0 ) (-152 688 0 ) (-152 688 96 ) (-160 688 96 ) 
4 45 117 (-256 0 352 ) (-256 0 192 ) (-80 0 192 ) (-80 0 352 ) 
4 45 59 (-256 0 192 ) (-256 0 352 ) (-256 320 352 ) (-256 320 192 ) 
4 45 58 (-256 320 352 ) (-256 384 352 ) (-256 384 192 ) (-256 320 192 ) 
4 45 57 (-256 384 352 ) (-256 448 352 ) (-256 448 192 ) (-256 384 192 ) 
4 45 53 (-256 448 352 ) (-256 688 352 ) (-256 688 192 ) (-256 448 192 ) 
4 45 51 (-256 64 192 ) (-256 688 192 ) (-255 688 192 ) (-255 64 192 ) 
4 45 52 (-256 0 192 ) (-256 64 192 ) (-255 64 192 ) (-255 0 192 ) 
4 45 49 (-80 176 192 ) (-80 56 192 ) (-84 56 192 ) (-84 176 192 ) 
4 45 50 (-84 0 192 ) (-255 0 192 ) (-255 176 192 ) (-84 176 192 ) 
4 45 47 (-80 192 192 ) (-80 176 192 ) (-152 176 192 ) (-152 192 192 ) 
4 45 46 (-152 688 192 ) (-80 688 192 ) (-80 192 192 ) (-152 192 192 ) 
4 45 48 (-255 688 192 ) (-152 688 192 ) (-152 176 192 ) (-255 176 192 ) 
4 46 68 (-152 688 0 ) (-80 688 0 ) (-80 192 0 ) (-152 192 0 ) 
4 46 47 (-152 192 192 ) (-152 192 96 ) (-80 192 96 ) (-80 192 192 ) 
4 46 48 (-152 192 192 ) (-152 688 192 ) (-152 688 0 ) (-152 192 0 ) 
4 47 49 (-80 176 96 ) (-80 176 192 ) (-84 176 192 ) (-84 176 96 ) 
4 47 50 (-84 176 192 ) (-152 176 192 ) (-152 176 96 ) (-84 176 96 ) 
4 47 48 (-152 176 96 ) (-152 176 192 ) (-152 192 192 ) (-152 192 96 ) 
4 48 68 (-255 176 0 ) (-255 688 0 ) (-152 688 0 ) (-152 176 0 ) 
4 48 51 (-255 176 192 ) (-255 688 192 ) (-255 688 80 ) (-255 176 80 ) 
4 48 50 (-255 176 192 ) (-255 176 0 ) (-152 176 0 ) (-152 176 192 ) 
4 49 68 (-84 56 0 ) (-84 176 0 ) (-80 176 0 ) (-80 56 0 ) 
4 49 50 (-84 176 192 ) (-84 176 0 ) (-84 56 0 ) (-84 56 192 ) 
4 50 68 (-84 0 0 ) (-255 0 0 ) (-255 176 0 ) (-84 176 0 ) 
4 50 51 (-255 64 192 ) (-255 176 192 ) (-255 176 80 ) (-255 64 80 ) 
4 50 52 (-255 0 192 ) (-255 64 192 ) (-255 64 0 ) (-255 0 0 ) 
4 51 61 (-256 128 128 ) (-256 192 128 ) (-256 192 120 ) (-256 128 120 ) 
4 51 60 (-256 256 128 ) (-256 320 128 ) (-256 320 120 ) (-256 256 120 ) 
4 51 59 (-256 64 128 ) (-256 64 192 ) (-256 320 192 ) (-256 320 128 ) 
4 51 58 (-256 320 192 ) (-256 384 192 ) (-256 384 128 ) (-256 320 128 ) 
4 51 57 (-256 384 192 ) (-256 448 192 ) (-256 448 120 ) (-256 384 120 ) 
4 51 56 (-256 688 168 ) (-256 688 80 ) (-256 512 80 ) (-256 512 168 ) 
4 51 53 (-256 448 192 ) (-256 688 192 ) (-256 688 168 ) (-256 448 168 ) 
4 51 52 (-255 64 80 ) (-255 64 192 ) (-256 64 192 ) (-256 64 80 ) 
4 52 68 (-255 0 0 ) (-256 0 0 ) (-256 64 0 ) (-255 64 0 ) 
4 52 62 (-256 0 80 ) (-256 0 128 ) (-256 64 128 ) (-256 64 80 ) 
4 52 59 (-256 0 128 ) (-256 0 192 ) (-256 64 192 ) (-256 64 128 ) 
4 53 64 (-264 704 168 ) (-264 688 168 ) (-264 688 352 ) (-264 704 352 ) 
4 53 63 (-264 1024 352 ) (-264 1024 168 ) (-264 704 168 ) (-264 704 352 ) 
4 53 65 (-264 688 168 ) (-264 448 168 ) (-264 448 352 ) (-264 688 352 ) 
4 53 57 (-264 448 352 ) (-264 448 168 ) (-256 448 168 ) (-256 448 352 ) 
4 53 56 (-264 512 168 ) (-264 688 168 ) (-256 688 168 ) (-256 512 168 ) 
4 53 55 (-264 688 168 ) (-264 704 168 ) (-256 704 168 ) (-256 688 168 ) 
4 53 54 (-264 704 168 ) (-264 1024 168 ) (-256 1024 168 ) (-256 704 168 ) 
4 54 67 (-264 1024 80 ) (-256 1024 80 ) (-256 704 80 ) (-264 704 80 ) 
4 54 63 (-264 1024 168 ) (-264 1024 80 ) (-264 704 80 ) (-264 704 168 ) 
4 54 55 (-256 704 168 ) (-264 704 168 ) (-264 704 96 ) (-256 704 96 ) 
4 55 64 (-264 688 96 ) (-264 688 168 ) (-264 704 168 ) (-264 704 96 ) 
4 55 56 (-256 688 168 ) (-264 688 168 ) (-264 688 96 ) (-256 688 96 ) 
4 56 65 (-264 688 80 ) (-264 512 80 ) (-264 512 168 ) (-264 688 168 ) 
4 57 65 (-264 384 120 ) (-264 384 352 ) (-264 448 352 ) (-264 448 120 ) 
4 57 58 (-264 384 352 ) (-264 384 128 ) (-256 384 128 ) (-256 384 352 ) 
4 58 65 (-264 320 128 ) (-264 320 352 ) (-264 384 352 ) (-264 384 128 ) 
4 58 59 (-264 320 352 ) (-264 320 128 ) (-256 320 128 ) (-256 320 352 ) 
4 59 117 (-264 0 352 ) (-264 0 192 ) (-256 0 192 ) (-256 0 352 ) 
4 59 65 (-264 0 128 ) (-264 0 352 ) (-264 320 352 ) (-264 320 128 ) 
4 59 62 (-264 0 128 ) (-264 64 128 ) (-256 64 128 ) (-256 0 128 ) 
4 59 61 (-264 128 128 ) (-264 192 128 ) (-256 192 128 ) (-256 128 128 ) 
4 59 60 (-264 256 128 ) (-264 320 128 ) (-256 320 128 ) (-256 256 128 ) 
4 60 65 (-264 256 120 ) (-264 256 128 ) (-264 320 128 ) (-264 320 120 ) 
4 61 65 (-264 128 120 ) (-264 128 128 ) (-264 192 128 ) (-264 192 120 ) 
4 62 65 (-264 64 80 ) (-264 0 80 ) (-264 0 128 ) (-264 64 128 ) 
4 63 67 (-362 1024 80 ) (-264 1024 80 ) (-264 704 80 ) (-362 704 80 ) 
4 63 66 (-384 704 256 ) (-396 704 352 ) (-396 1024 352 ) (-384 1024 256 ) 
4 63 64 (-396 704 352 ) (-364 704 96 ) (-264 704 96 ) (-264 704 352 ) 
4 64 66 (-384 688 256 ) (-396 688 352 ) (-396 704 352 ) (-384 704 256 ) 
4 64 65 (-396 688 352 ) (-364 688 96 ) (-264 688 96 ) (-264 688 352 ) 
4 65 117 (-264 0 192 ) (-264 0 352 ) (-396 0 352 ) (-376 0 192 ) 
4 65 66 (-384 0 256 ) (-396 0 352 ) (-396 688 352 ) (-384 688 256 ) 
4 66 135 (-384 0 256 ) (-396 0 352 ) (-416 0 352 ) (-416 0 256 ) 
4 67 68 (-352 704 0 ) (-352 1024 0 ) (-256 1024 0 ) (-256 704 0 ) 
4 68 136 (0 0 -16 ) (0 0 0 ) (-352 0 0 ) (-352 0 -16 ) 
4 69 80 (264 -512 80 ) (264 -688 80 ) (264 -688 352 ) (264 -512 352 ) 
4 69 79 (264 -512 168 ) (264 -512 352 ) (264 -448 352 ) (264 -448 168 ) 
4 69 78 (264 -448 120 ) (264 -448 352 ) (264 -384 352 ) (264 -384 120 ) 
4 69 77 (264 -384 128 ) (264 -384 352 ) (264 -320 352 ) (264 -320 128 ) 
4 69 76 (264 -320 120 ) (264 -320 128 ) (264 -256 128 ) (264 -256 120 ) 
4 69 75 (264 -192 120 ) (264 -192 128 ) (264 -128 128 ) (264 -128 120 ) 
4 69 74 (264 0 128 ) (264 0 80 ) (264 -64 80 ) (264 -64 128 ) 
4 69 73 (264 0 352 ) (264 0 128 ) (264 -320 128 ) (264 -320 352 ) 
4 69 72 (384 0 256 ) (396 0 352 ) (396 -688 352 ) (384 -688 256 ) 
4 69 70 (364 -688 96 ) (396 -688 352 ) (264 -688 352 ) (264 -688 96 ) 
4 70 81 (264 -704 96 ) (264 -704 352 ) (264 -688 352 ) (264 -688 96 ) 
4 70 72 (384 -688 256 ) (396 -688 352 ) (396 -704 352 ) (384 -704 256 ) 
4 70 71 (364 -704 96 ) (396 -704 352 ) (264 -704 352 ) (264 -704 96 ) 
4 71 111 (396 -1024 352 ) (264 -1024 352 ) (264 -1024 256 ) (384 -1024 256 ) 
4 71 83 (362 -1024 80 ) (264 -1024 80 ) (264 -704 80 ) (362 -704 80 ) 
4 71 82 (264 -704 80 ) (264 -1024 80 ) (264 -1024 352 ) (264 -704 352 ) 
4 71 72 (384 -704 256 ) (396 -704 352 ) (396 -1024 352 ) (384 -1024 256 ) 
4 72 111 (416 -1024 352 ) (396 -1024 352 ) (384 -1024 256 ) (416 -1024 256 ) 
4 73 86 (256 -64 128 ) (256 -320 128 ) (256 -320 192 ) (256 -64 192 ) 
4 73 85 (256 0 192 ) (256 0 128 ) (256 -64 128 ) (256 -64 192 ) 
4 73 84 (256 0 352 ) (256 0 192 ) (256 -320 192 ) (256 -320 352 ) 
4 73 77 (256 -320 352 ) (256 -320 128 ) (264 -320 128 ) (264 -320 352 ) 
4 73 76 (264 -320 128 ) (256 -320 128 ) (256 -256 128 ) (264 -256 128 ) 
4 73 75 (256 -192 128 ) (256 -128 128 ) (264 -128 128 ) (264 -192 128 ) 
4 73 74 (256 -64 128 ) (256 0 128 ) (264 0 128 ) (264 -64 128 ) 
4 74 85 (256 0 128 ) (256 0 80 ) (256 -64 80 ) (256 -64 128 ) 
4 75 86 (256 -192 120 ) (256 -192 128 ) (256 -128 128 ) (256 -128 120 ) 
4 76 86 (256 -320 120 ) (256 -320 128 ) (256 -256 128 ) (256 -256 120 ) 
4 77 86 (256 -384 128 ) (256 -384 192 ) (256 -320 192 ) (256 -320 128 ) 
4 77 84 (256 -384 192 ) (256 -384 352 ) (256 -320 352 ) (256 -320 192 ) 
4 77 78 (256 -384 352 ) (256 -384 128 ) (264 -384 128 ) (264 -384 352 ) 
4 78 86 (256 -448 120 ) (256 -448 192 ) (256 -384 192 ) (256 -384 120 ) 
4 78 84 (256 -448 192 ) (256 -448 352 ) (256 -384 352 ) (256 -384 192 ) 
4 78 79 (256 -448 352 ) (256 -448 168 ) (264 -448 168 ) (264 -448 352 ) 
4 79 86 (256 -512 168 ) (256 -512 192 ) (256 -448 192 ) (256 -448 168 ) 
4 79 84 (256 -512 192 ) (256 -512 352 ) (256 -448 352 ) (256 -448 192 ) 
4 79 80 (264 -512 168 ) (264 -512 352 ) (256 -512 352 ) (256 -512 168 ) 
4 80 86 (256 -512 80 ) (256 -688 80 ) (256 -688 192 ) (256 -512 192 ) 
4 80 84 (256 -688 192 ) (256 -688 352 ) (256 -512 352 ) (256 -512 192 ) 
4 80 81 (264 -688 96 ) (264 -688 352 ) (256 -688 352 ) (256 -688 96 ) 
4 81 92 (256 -704 96 ) (256 -704 352 ) (256 -688 352 ) (256 -688 96 ) 
4 81 82 (264 -704 96 ) (264 -704 352 ) (256 -704 352 ) (256 -704 96 ) 
4 82 111 (256 -1024 352 ) (256 -1024 256 ) (264 -1024 256 ) (264 -1024 352 ) 
4 82 94 (256 -704 80 ) (256 -1024 80 ) (256 -1024 96 ) (256 -704 96 ) 
4 82 92 (256 -1024 96 ) (256 -1024 352 ) (256 -704 352 ) (256 -704 96 ) 
4 82 83 (264 -1024 80 ) (256 -1024 80 ) (256 -704 80 ) (264 -704 80 ) 
4 83 110 (352 -1024 0 ) (256 -1024 0 ) (256 -704 0 ) (352 -704 0 ) 
4 83 94 (256 -704 0 ) (256 -1024 0 ) (256 -1024 80 ) (256 -704 80 ) 
4 84 105 (80 -688 192 ) (80 -688 352 ) (80 -192 352 ) (80 -192 192 ) 
4 84 103 (80 -192 352 ) (80 -176 352 ) (80 -176 192 ) (80 -192 192 ) 
4 84 97 (80 -56 352 ) (80 0 352 ) (80 0 192 ) (80 -56 192 ) 
4 84 98 (80 -176 352 ) (80 -56 352 ) (80 -56 192 ) (80 -176 192 ) 
4 84 92 (80 -688 352 ) (80 -688 192 ) (256 -688 192 ) (256 -688 352 ) 
4 84 90 (80 -192 192 ) (80 -176 192 ) (152 -176 192 ) (152 -192 192 ) 
4 84 91 (152 -688 192 ) (80 -688 192 ) (80 -192 192 ) (152 -192 192 ) 
4 84 89 (255 -688 192 ) (152 -688 192 ) (152 -176 192 ) (255 -176 192 ) 
4 84 88 (80 -176 192 ) (80 -56 192 ) (84 -56 192 ) (84 -176 192 ) 
4 84 87 (84 0 192 ) (255 0 192 ) (255 -176 192 ) (84 -176 192 ) 
4 84 86 (256 -688 192 ) (255 -688 192 ) (255 -64 192 ) (256 -64 192 ) 
4 84 85 (255 -64 192 ) (255 0 192 ) (256 0 192 ) (256 -64 192 ) 
4 85 110 (255 0 0 ) (256 0 0 ) (256 -64 0 ) (255 -64 0 ) 
4 85 87 (255 0 0 ) (255 -64 0 ) (255 -64 192 ) (255 0 192 ) 
4 85 86 (255 -64 192 ) (255 -64 80 ) (256 -64 80 ) (256 -64 192 ) 
4 86 92 (256 -688 96 ) (256 -688 192 ) (255 -688 192 ) (255 -688 96 ) 
4 86 89 (255 -688 80 ) (255 -688 192 ) (255 -176 192 ) (255 -176 80 ) 
4 86 87 (255 -176 192 ) (255 -64 192 ) (255 -64 80 ) (255 -176 80 ) 
4 87 110 (84 0 0 ) (255 0 0 ) (255 -176 0 ) (84 -176 0 ) 
4 87 90 (152 -176 192 ) (84 -176 192 ) (84 -176 96 ) (152 -176 96 ) 
4 87 89 (255 -176 0 ) (255 -176 192 ) (152 -176 192 ) (152 -176 0 ) 
4 87 88 (84 -56 0 ) (84 -176 0 ) (84 -176 192 ) (84 -56 192 ) 
4 88 110 (80 -176 0 ) (80 -56 0 ) (84 -56 0 ) (84 -176 0 ) 
4 88 98 (80 -56 0 ) (80 -176 0 ) (80 -176 192 ) (80 -56 192 ) 
4 88 90 (84 -176 192 ) (80 -176 192 ) (80 -176 96 ) (84 -176 96 ) 
4 89 110 (152 -176 0 ) (255 -176 0 ) (255 -688 0 ) (152 -688 0 ) 
4 89 93 (152 -688 0 ) (160 -688 0 ) (160 -688 96 ) (152 -688 96 ) 
4 89 92 (255 -688 96 ) (255 -688 192 ) (152 -688 192 ) (152 -688 96 ) 
4 89 90 (152 -176 192 ) (152 -176 96 ) (152 -192 96 ) (152 -192 192 ) 
4 89 91 (152 -192 0 ) (152 -688 0 ) (152 -688 192 ) (152 -192 192 ) 
4 90 103 (80 -192 96 ) (80 -192 192 ) (80 -176 192 ) (80 -176 96 ) 
4 90 91 (152 -192 96 ) (152 -192 192 ) (80 -192 192 ) (80 -192 96 ) 
4 91 110 (80 -688 0 ) (80 -192 0 ) (152 -192 0 ) (152 -688 0 ) 
4 91 105 (80 -192 0 ) (80 -688 0 ) (80 -688 192 ) (80 -192 192 ) 
4 91 93 (80 -688 96 ) (80 -688 0 ) (152 -688 0 ) (152 -688 96 ) 
4 91 92 (80 -688 192 ) (80 -688 96 ) (152 -688 96 ) (152 -688 192 ) 
4 92 111 (80 -1024 352 ) (80 -1024 256 ) (256 -1024 256 ) (256 -1024 352 ) 
4 92 108 (80 -912 352 ) (80 -896 352 ) (80 -896 96 ) (80 -912 96 ) 
4 92 109 (80 -1024 96 ) (80 -1024 352 ) (80 -912 352 ) (80 -912 96 ) 
4 92 107 (80 -896 352 ) (80 -880 352 ) (80 -880 96 ) (80 -896 96 ) 
4 92 106 (80 -880 352 ) (80 -864 352 ) (80 -864 96 ) (80 -880 96 ) 
4 92 105 (80 -864 352 ) (80 -688 352 ) (80 -688 96 ) (80 -864 96 ) 
4 92 95 (80 -864 96 ) (80 -704 96 ) (192 -704 96 ) (192 -864 96 ) 
4 92 96 (80 -1024 96 ) (80 -896 96 ) (192 -896 96 ) (192 -1024 96 ) 
4 92 94 (192 -704 96 ) (256 -704 96 ) (256 -1024 96 ) (192 -1024 96 ) 
4 92 93 (80 -704 96 ) (80 -688 96 ) (160 -688 96 ) (160 -704 96 ) 
4 93 110 (80 -704 0 ) (80 -688 0 ) (160 -688 0 ) (160 -704 0 ) 
4 93 105 (80 -688 0 ) (80 -704 0 ) (80 -704 96 ) (80 -688 96 ) 
4 93 95 (160 -704 96 ) (80 -704 96 ) (80 -704 0 ) (160 -704 0 ) 
4 94 110 (256 -1024 0 ) (192 -1024 0 ) (192 -704 0 ) (256 -704 0 ) 
4 94 95 (192 -704 96 ) (192 -704 0 ) (192 -864 0 ) (192 -864 96 ) 
4 94 96 (192 -896 0 ) (192 -1024 0 ) (192 -1024 96 ) (192 -896 96 ) 
4 95 110 (80 -864 0 ) (80 -704 0 ) (192 -704 0 ) (192 -864 0 ) 
4 95 105 (80 -704 0 ) (80 -864 0 ) (80 -864 96 ) (80 -704 96 ) 
4 96 110 (192 -1024 0 ) (80 -1024 0 ) (80 -896 0 ) (192 -896 0 ) 
4 96 108 (80 -912 16 ) (80 -912 96 ) (80 -896 96 ) (80 -896 16 ) 
4 96 109 (80 -912 0 ) (80 -1024 0 ) (80 -1024 96 ) (80 -912 96 ) 
4 97 98 (76 -56 352 ) (76 -56 192 ) (80 -56 192 ) (80 -56 352 ) 
4 97 99 (76 -56 192 ) (76 -56 352 ) (76 0 352 ) (76 0 192 ) 
4 98 110 (80 -56 0 ) (80 -176 0 ) (76 -176 0 ) (76 -56 0 ) 
4 98 103 (80 -176 96 ) (80 -176 352 ) (76 -176 352 ) (76 -176 96 ) 
4 98 99 (76 -56 0 ) (76 -176 0 ) (76 -176 352 ) (76 -56 352 ) 
4 99 110 (48 0 0 ) (76 0 0 ) (76 -176 0 ) (48 -176 0 ) 
4 99 103 (76 -176 96 ) (76 -176 352 ) (48 -176 352 ) (48 -176 96 ) 
4 99 101 (48 -176 96 ) (48 -176 352 ) (48 -100 352 ) (48 -100 96 ) 
4 99 100 (48 0 0 ) (48 -100 0 ) (48 -100 352 ) (48 0 352 ) 
4 100 110 (32 0 0 ) (48 0 0 ) (48 -100 0 ) (32 -100 0 ) 
4 100 101 (32 -100 352 ) (32 -100 96 ) (48 -100 96 ) (48 -100 352 ) 
4 100 102 (32 0 0 ) (32 -100 0 ) (32 -100 352 ) (32 0 352 ) 
4 101 103 (48 -176 96 ) (48 -176 352 ) (32 -176 352 ) (32 -176 96 ) 
4 101 102 (32 -176 96 ) (32 -176 352 ) (32 -100 352 ) (32 -100 96 ) 
4 102 112 (0 0 352 ) (0 0 0 ) (0 -176 0 ) (0 -176 352 ) 
4 102 110 (0 -176 0 ) (0 0 0 ) (32 0 0 ) (32 -176 0 ) 
4 102 104 (0 -176 0 ) (32 -176 0 ) (32 -176 352 ) (0 -176 352 ) 
4 103 105 (80 -192 96 ) (80 -192 352 ) (32 -192 352 ) (32 -192 96 ) 
4 103 104 (32 -192 96 ) (32 -192 352 ) (32 -176 352 ) (32 -176 96 ) 
4 104 112 (0 -176 0 ) (0 -192 0 ) (0 -192 352 ) (0 -176 352 ) 
4 104 110 (0 -192 0 ) (0 -176 0 ) (32 -176 0 ) (32 -192 0 ) 
4 104 105 (0 -192 0 ) (32 -192 0 ) (32 -192 352 ) (0 -192 352 ) 
4 105 112 (0 -192 0 ) (0 -864 0 ) (0 -864 352 ) (0 -192 352 ) 
4 105 110 (0 -864 0 ) (0 -192 0 ) (80 -192 0 ) (80 -864 0 ) 
4 105 106 (80 -864 88 ) (80 -864 352 ) (0 -864 352 ) (0 -864 88 ) 
4 106 113 (0 -880 88 ) (0 -880 352 ) (0 -864 352 ) (0 -864 88 ) 
4 106 107 (0 -880 352 ) (0 -880 88 ) (80 -880 88 ) (80 -880 352 ) 
4 107 114 (0 -896 32 ) (0 -896 352 ) (0 -880 352 ) (0 -880 32 ) 
4 107 108 (80 -896 32 ) (80 -896 352 ) (0 -896 352 ) (0 -896 32 ) 
4 108 115 (0 -912 16 ) (0 -912 352 ) (0 -896 352 ) (0 -896 16 ) 
4 108 109 (80 -912 16 ) (80 -912 352 ) (0 -912 352 ) (0 -912 16 ) 
4 109 116 (0 -912 0 ) (0 -1024 0 ) (0 -1024 352 ) (0 -912 352 ) 
4 109 111 (0 -1024 352 ) (0 -1024 256 ) (80 -1024 256 ) (80 -1024 352 ) 
4 109 110 (80 -1024 0 ) (0 -1024 0 ) (0 -912 0 ) (80 -912 0 ) 
4 110 136 (0 0 0 ) (0 0 -16 ) (0 -1024 -16 ) (0 -1024 0 ) 
4 111 137 (0 -1056 256 ) (0 -1056 352 ) (0 -1024 352 ) (0 -1024 256 ) 
4 112 136 (-32 -864 0 ) (-32 0 0 ) (0 0 0 ) (0 -864 0 ) 
4 112 131 (-32 -736 0 ) (-32 -864 0 ) (-32 -864 352 ) (-32 -736 352 ) 
4 112 126 (-32 -704 0 ) (-32 -736 0 ) (-32 -736 352 ) (-32 -704 352 ) 
4 112 125 (-32 -576 0 ) (-32 -704 0 ) (-32 -704 96 ) (-32 -576 96 ) 
4 112 120 (-32 -32 0 ) (-32 -576 0 ) (-32 -576 96 ) (-32 -32 96 ) 
4 112 119 (-32 -704 96 ) (-32 -704 352 ) (-32 -32 352 ) (-32 -32 96 ) 
4 112 118 (-32 0 192 ) (-32 0 0 ) (-32 -32 0 ) (-32 -32 192 ) 
4 112 117 (-32 0 352 ) (-32 0 192 ) (-32 -32 192 ) (-32 -32 352 ) 
4 112 113 (0 -864 352 ) (-32 -864 352 ) (-32 -864 88 ) (0 -864 88 ) 
4 113 132 (-32 -880 96 ) (-32 -880 352 ) (-32 -864 352 ) (-32 -864 96 ) 
4 113 114 (-32 -880 352 ) (-32 -880 88 ) (0 -880 88 ) (0 -880 352 ) 
4 114 132 (-32 -896 96 ) (-32 -896 352 ) (-32 -880 352 ) (-32 -880 96 ) 
4 114 115 (-32 -896 352 ) (-32 -896 32 ) (0 -896 32 ) (0 -896 352 ) 
4 115 133 (-32 -912 16 ) (-32 -912 352 ) (-32 -896 352 ) (-32 -896 16 ) 
4 115 116 (0 -912 352 ) (-32 -912 352 ) (-32 -912 16 ) (0 -912 16 ) 
4 116 137 (0 -1024 256 ) (0 -1024 352 ) (-32 -1024 352 ) (-32 -1024 256 ) 
4 116 136 (0 -1024 0 ) (-32 -1024 0 ) (-32 -912 0 ) (0 -912 0 ) 
4 116 133 (-32 -912 0 ) (-32 -1024 0 ) (-32 -1024 352 ) (-32 -912 352 ) 
4 117 135 (-384 -32 256 ) (-396 -32 352 ) (-396 0 352 ) (-384 0 256 ) 
4 117 119 (-396 -32 352 ) (-376 -32 192 ) (-32 -32 192 ) (-32 -32 352 ) 
4 117 118 (-32 -32 192 ) (-76 -32 192 ) (-76 0 192 ) (-32 0 192 ) 
4 118 136 (-76 0 0 ) (-32 0 0 ) (-32 -32 0 ) (-76 -32 0 ) 
4 118 121 (-76 -32 0 ) (-40 -32 0 ) (-40 -32 96 ) (-76 -32 96 ) 
4 118 120 (-40 -32 0 ) (-32 -32 0 ) (-32 -32 96 ) (-40 -32 96 ) 
4 118 119 (-32 -32 96 ) (-32 -32 192 ) (-76 -32 192 ) (-76 -32 96 ) 
4 119 135 (-384 -704 256 ) (-396 -704 352 ) (-396 -32 352 ) (-384 -32 256 ) 
3 119 130 (-370 -704 144 ) (-368 -704 128 ) (-368 -704 144 ) 
5 119 129 (-368 -704 128 ) (-364 -704 96 ) (-352 -704 96 ) (-352 -704 144 ) (-368 -704 144 ) 
4 119 128 (-352 -704 96 ) (-347 -704 96 ) (-347 -704 144 ) (-352 -704 144 ) 
4 119 127 (-396 -704 352 ) (-370 -704 144 ) (-347 -704 144 ) (-347 -704 352 ) 
4 119 126 (-347 -704 96 ) (-32 -704 96 ) (-32 -704 352 ) (-347 -704 352 ) 
4 119 125 (-32 -704 96 ) (-160 -704 96 ) (-160 -576 96 ) (-32 -576 96 ) 
4 119 124 (-256 -32 96 ) (-112 -32 96 ) (-112 -576 96 ) (-256 -576 96 ) 
4 119 122 (-40 -264 96 ) (-40 -320 96 ) (-112 -320 96 ) (-112 -264 96 ) 
4 119 121 (-112 -32 96 ) (-40 -32 96 ) (-40 -264 96 ) (-112 -264 96 ) 
4 119 123 (-40 -320 96 ) (-40 -576 96 ) (-112 -576 96 ) (-112 -320 96 ) 
4 119 120 (-40 -32 96 ) (-32 -32 96 ) (-32 -576 96 ) (-40 -576 96 ) 
4 120 136 (-40 -32 0 ) (-32 -32 0 ) (-32 -576 0 ) (-40 -576 0 ) 
4 120 125 (-32 -576 96 ) (-40 -576 96 ) (-40 -576 0 ) (-32 -576 0 ) 
4 120 122 (-40 -320 96 ) (-40 -264 96 ) (-40 -264 80 ) (-40 -320 80 ) 
4 120 121 (-40 -264 96 ) (-40 -32 96 ) (-40 -32 0 ) (-40 -264 0 ) 
4 120 123 (-40 -576 0 ) (-40 -576 96 ) (-40 -320 96 ) (-40 -320 0 ) 
4 121 136 (-112 -32 0 ) (-40 -32 0 ) (-40 -264 0 ) (-112 -264 0 ) 
4 121 124 (-112 -264 96 ) (-112 -32 96 ) (-112 -32 0 ) (-112 -264 0 ) 
4 121 122 (-112 -264 96 ) (-112 -264 80 ) (-40 -264 80 ) (-40 -264 96 ) 
4 122 124 (-112 -320 96 ) (-112 -264 96 ) (-112 -264 80 ) (-112 -320 80 ) 
4 122 123 (-112 -320 96 ) (-112 -320 80 ) (-40 -320 80 ) (-40 -320 96 ) 
4 123 136 (-40 -320 0 ) (-40 -576 0 ) (-112 -576 0 ) (-112 -320 0 ) 
4 123 125 (-40 -576 96 ) (-112 -576 96 ) (-112 -576 0 ) (-40 -576 0 ) 
4 123 124 (-112 -576 0 ) (-112 -576 96 ) (-112 -320 96 ) (-112 -320 0 ) 
4 124 136 (-256 -32 0 ) (-112 -32 0 ) (-112 -576 0 ) (-256 -576 0 ) 
4 124 125 (-112 -576 96 ) (-160 -576 96 ) (-160 -576 0 ) (-112 -576 0 ) 
4 125 136 (-160 -576 0 ) (-32 -576 0 ) (-32 -704 0 ) (-160 -704 0 ) 
4 125 126 (-160 -704 0 ) (-32 -704 0 ) (-32 -704 96 ) (-160 -704 96 ) 
4 126 136 (-347 -704 0 ) (-32 -704 0 ) (-32 -736 0 ) (-347 -736 0 ) 
4 126 131 (-32 -736 352 ) (-192 -736 352 ) (-192 -736 0 ) (-32 -736 0 ) 
4 126 134 (-192 -736 352 ) (-347 -736 352 ) (-347 -736 0 ) (-192 -736 0 ) 
4 126 128 (-347 -736 0 ) (-347 -736 144 ) (-347 -704 144 ) (-347 -704 0 ) 
4 126 127 (-347 -736 144 ) (-347 -736 352 ) (-347 -704 352 ) (-347 -704 144 ) 
4 127 135 (-384 -736 256 ) (-396 -736 352 ) (-396 -704 352 ) (-384 -704 256 ) 
4 127 134 (-347 -736 352 ) (-396 -736 352 ) (-370 -736 144 ) (-347 -736 144 ) 
4 127 130 (-370.003906 -704 144 ) (-368 -704 144 ) (-368 -736 144 ) (-370 -736 144 ) 
4 127 129 (-368 -704 144 ) (-352 -704 144 ) (-352 -736 144 ) (-368 -736 144 ) 
4 127 128 (-352 -704 144 ) (-347 -704 144 ) (-347 -736 144 ) (-352 -736 144 ) 
4 128 136 (-352 -736 0 ) (-352 -704 0 ) (-347 -704 0 ) (-347 -736 0 ) 
4 128 134 (-352 -736 0 ) (-347 -736 0 ) (-347 -736 144 ) (-352 -736 144 ) 
4 128 129 (-352 -736 0 ) (-352 -736 144 ) (-352 -704 144 ) (-352 -704 0 ) 
4 129 134 (-368 -736 128 ) (-352 -736 0 ) (-352 -736 144 ) (-368 -736 144 ) 
4 129 130 (-368 -736 128 ) (-368 -736 144 ) (-368 -704 144 ) (-368 -704 128 ) 
3 130 134 (-370 -736 144 ) (-368 -736 128 ) (-368 -736 144 ) 
4 131 136 (-192 -864 0 ) (-192 -736 0 ) (-32 -736 0 ) (-32 -864 0 ) 
4 131 132 (-192 -864 352 ) (-192 -864 96 ) (-32 -864 96 ) (-32 -864 352 ) 
4 131 134 (-192 -736 352 ) (-192 -736 0 ) (-192 -864 0 ) (-192 -864 352 ) 
4 132 134 (-192 -896 96 ) (-192 -896 352 ) (-192 -864 352 ) (-192 -864 96 ) 
4 132 133 (-192 -896 352 ) (-192 -896 96 ) (-32 -896 96 ) (-32 -896 352 ) 
4 133 137 (-32 -1024 256 ) (-32 -1024 352 ) (-192 -1024 352 ) (-192 -1024 256 ) 
4 133 136 (-32 -1024 0 ) (-192 -1024 0 ) (-192 -896 0 ) (-32 -896 0 ) 
4 133 134 (-192 -896 0 ) (-192 -1024 0 ) (-192 -1024 352 ) (-192 -896 352 ) 
4 134 137 (-396 -1024 352 ) (-384 -1024 256 ) (-192 -1024 256 ) (-192 -1024 352 ) 
4 134 136 (-192 -1024 0 ) (-352 -1024 0 ) (-352 -736 0 ) (-192 -736 0 ) 
4 134 135 (-384 -1024 256 ) (-396 -1024 352 ) (-396 -736 352 ) (-384 -736 256 ) 
4 135 137 (-384 -1024 256 ) (-396 -1024 352 ) (-416 -1024 352 ) (-416 -1024 256 ) 
